GROUP,PACKAGE,CLASS,INSTRUCTION_MISSED,INSTRUCTION_COVERED,BRANCH_MISSED,BRANCH_COVERED,LINE_MISSED,LINE_COVERED,COMPLEXITY_MISSED,COMPLEXITY_COVERED,METHOD_MISSED,METHOD_COVERED
oscar-cp,oscar.cp.constraints.nooverlap,AlternativeResources,47,24,0,0,2,1,2,1,2,1
oscar-cp,oscar.cp.constraints.nooverlap,NoOverlapLeftToRightTransitionTimesFamilies,5,145,2,8,1,16,2,10,0,7
oscar-cp,oscar.cp.constraints.nooverlap,NoOverlapLeftToRightTransitionTimes,0,57,0,2,0,4,0,4,0,3
oscar-cp,oscar.cp.constraints.nooverlap,NoOverlapLeftToRight,77,1216,11,91,10,151,11,71,1,30
oscar-cp,oscar.cp.constraints.nooverlap,AlternativeResourcesTransitionTimesFamilies,47,0,0,0,3,0,3,0,3,0
oscar-cp,oscar.cp.constraints.nooverlap,NoOverlapTransitionTimes.,5,7,0,0,0,1,1,2,1,2
oscar-cp,oscar.cp.constraints.nooverlap,NoOverlapTransitionTimesFamilies.,5,9,0,0,0,1,1,3,1,3
oscar-cp,oscar.cp.constraints.nooverlap,NoOverlapTransitionTimesFamilies,10,77,1,1,1,5,3,3,2,3
oscar-cp,oscar.cp.constraints.nooverlap,AlternativeResourcesTransitionTimesFamilies.,12,0,0,0,1,0,3,0,3,0
oscar-cp,oscar.cp.constraints.nooverlap,NoOverlapTransitionTimes,3,104,0,2,0,7,1,5,1,4
oscar-cp,oscar.cp.constraints.nooverlap,NoOverlap,41,101,0,0,1,8,1,6,1,6
oscar-cp,oscar.cp.constraints.nooverlap,AlternativeResourcesTransitionTimes,0,49,0,0,0,5,0,3,0,3
oscar-cp,oscar.cp.constraints.nooverlap.util,TransitionTimesUtils,5,0,0,0,0,0,1,0,1,0
oscar-cp,oscar.cp.constraints.nooverlap.util,TSPUtils.,204,0,12,0,39,0,17,0,11,0
oscar-cp,oscar.cp.constraints.nooverlap.util,TransitionTimesUtils.,5,20,0,0,1,3,1,2,1,2
oscar-cp,oscar.cp.constraints.nooverlap.util,OptionalIntervalDomain,10,170,4,8,0,22,6,14,2,12
oscar-cp,oscar.cp.constraints.nooverlap.util,DynamicProgrammingTSP.,120,0,0,0,20,0,10,0,10,0
oscar-cp,oscar.cp.constraints.nooverlap.util,TSPUtils,26,0,0,0,0,0,6,0,6,0
oscar-cp,oscar.cp.constraints.nooverlap.util,DynamicProgrammingTSP,28,0,0,0,0,0,7,0,7,0
oscar-cp,oscar.ml.classificationtree.DataManipulation,BinaryPostFormat.,174,0,6,0,19,0,13,0,10,0
oscar-cp,oscar.ml.classificationtree.DataManipulation,BinaryPostFormat,30,0,0,0,0,0,7,0,7,0
oscar-cp,oscar.ml.classificationtree.DataManipulation,BinaryPreFormat.,129,0,6,0,16,0,11,0,8,0
oscar-cp,oscar.ml.classificationtree.DataManipulation,Data.,50,0,0,0,7,0,4,0,4,0
oscar-cp,oscar.ml.classificationtree.DataManipulation,SparseFormat,30,0,0,0,0,0,7,0,7,0
oscar-cp,oscar.ml.classificationtree.DataManipulation,SparseFormat.,109,0,2,0,10,0,8,0,7,0
oscar-cp,oscar.ml.classificationtree.DataManipulation,BinaryPreFormat,30,0,0,0,0,0,7,0,7,0
oscar-cp,oscar.ml.classificationtree.DataManipulation,Data,464,0,6,0,43,0,32,0,29,0
oscar-cp,oscar.ml.classificationtree.DataManipulation,FileFormat,63,0,2,0,10,0,5,0,4,0
oscar-cp,oscar.cp.constraints.diagrams.diagramrepresentation,Diagram,59,14,1,1,6,2,6,2,5,2
oscar-cp,oscar.cp.constraints.diagrams.diagramrepresentation,BasicSmartDiagram,262,1473,8,80,32,191,22,76,15,39
oscar-cp,oscar.cp.constraints.diagrams.diagramrepresentation,GroundDiagram,262,1576,10,80,34,199,21,81,13,44
oscar-cp,oscar.ml.pm.examples.fem,FEMRunner.Config.3.,43,0,0,0,5,0,9,0,9,0
oscar-cp,oscar.ml.pm.examples.fem,FEMRunner.Config.new Product() {...},199,0,28,0,5,0,39,0,22,0
oscar-cp,oscar.ml.pm.examples.fem,FEMtimeRunner.Config.new Product() {...},229,0,32,0,6,0,45,0,25,0
oscar-cp,oscar.ml.pm.examples.fem,FEMtimeRunner.Config.3.,55,0,0,0,6,0,10,0,10,0
oscar-cp,oscar.ml.pm.examples.fem,FEMRunner.,306,0,12,0,27,0,14,0,8,0
oscar-cp,oscar.ml.pm.examples.fem,FEMRunner,4,0,0,0,0,0,1,0,1,0
oscar-cp,oscar.ml.pm.examples.fem,FEMtimeRunner,4,0,0,0,0,0,1,0,1,0
oscar-cp,oscar.ml.pm.examples.fem,FEMtimeRunner.,311,0,12,0,27,0,14,0,8,0
oscar-cp,oscar.ml.classificationtree.Constraints,CstDummyEnd,69,0,2,0,8,0,8,0,7,0
oscar-cp,oscar.ml.classificationtree.Constraints,CstSplitUseful,134,0,4,0,12,0,13,0,11,0
oscar-cp,oscar.ml.classificationtree.Constraints,CstDummy,107,0,4,0,12,0,11,0,9,0
oscar-cp,oscar.ml.classificationtree.Constraints,ReversibleSparseBitSetEntry,15,0,0,0,2,0,2,0,2,0
oscar-cp,oscar.ml.classificationtree.Constraints,ReversibleSparseBitSet2.BitSet,82,0,4,0,8,0,9,0,7,0
oscar-cp,oscar.ml.classificationtree.Constraints,CstSplitUseful.GrBis,83,0,8,0,11,0,9,0,5,0
oscar-cp,oscar.ml.classificationtree.Constraints,CstSplitPossible,119,0,8,0,15,0,13,0,9,0
oscar-cp,oscar.ml.classificationtree.Constraints,CoverSizeSR,778,0,74,0,133,0,58,0,21,0
oscar-cp,oscar.ml.classificationtree.Constraints,ReversibleSparseBitSet2,938,0,68,0,166,0,67,0,33,0
oscar-cp,oscar.ml.classificationtree.Constraints,CoverSizeSRInter,563,0,42,0,100,0,32,0,11,0
oscar-cp,oscar.ml.classificationtree.Constraints,CoverSizeSROld,486,0,38,0,84,0,30,0,11,0
oscar-cp,oscar.cp.examples.sequences,PTPWithInsertSeq.Stop,326,0,54,0,14,0,67,0,36,0
oscar-cp,oscar.cp.examples.sequences,PTPWithInsertSeq.,2721,0,20,0,107,0,82,0,72,0
oscar-cp,oscar.cp.examples.sequences,PTPWithInsertSeq.Stop.,50,0,0,0,2,0,7,0,7,0
oscar-cp,oscar.cp.examples.sequences,PTPWithInsertSeq,184,0,0,0,0,0,59,0,59,0
oscar-cp,oscar.ml.pm.examples.fim,pureFimRunner.Config.3.,43,0,0,0,5,0,9,0,9,0
oscar-cp,oscar.ml.pm.examples.fim,globalFimRunner,4,0,0,0,0,0,1,0,1,0
oscar-cp,oscar.ml.pm.examples.fim,globalFimRunner.Config.3.,43,0,0,0,5,0,9,0,9,0
oscar-cp,oscar.ml.pm.examples.fim,globalFimRunner.,251,0,16,0,32,0,18,0,10,0
oscar-cp,oscar.ml.pm.examples.fim,coverSizeRunner.Config.new Product() {...},199,0,28,0,5,0,39,0,22,0
oscar-cp,oscar.ml.pm.examples.fim,globalFimRunner.Config.new Product() {...},199,0,28,0,5,0,39,0,22,0
oscar-cp,oscar.ml.pm.examples.fim,DiscriminativeCoverSizeZDCRunner,4,0,0,0,0,0,1,0,1,0
oscar-cp,oscar.ml.pm.examples.fim,pureFimRunner.Config.new Product() {...},199,0,28,0,5,0,39,0,22,0
oscar-cp,oscar.ml.pm.examples.fim,pureFimRunner.,337,0,18,0,39,0,21,0,12,0
oscar-cp,oscar.ml.pm.examples.fim,coverSizeRunner.,276,0,16,0,35,0,18,0,10,0
oscar-cp,oscar.ml.pm.examples.fim,DiscriminativeCoverSizeZDCRunner.Config.3.,36,0,0,0,4,0,8,0,8,0
oscar-cp,oscar.ml.pm.examples.fim,coverSizeRunner.Config.3.,43,0,0,0,5,0,9,0,9,0
oscar-cp,oscar.ml.pm.examples.fim,coverSizeRunner,4,0,0,0,0,0,1,0,1,0
oscar-cp,oscar.ml.pm.examples.fim,DiscriminativeCoverSizeZDCRunner.,329,0,6,0,31,0,13,0,10,0
oscar-cp,oscar.ml.pm.examples.fim,DiscriminativeCoverSizeZDCRunner.Config.new Product() {...},168,0,24,0,4,0,33,0,19,0
oscar-cp,oscar.ml.pm.examples.fim,pureFimRunner,4,0,0,0,0,0,1,0,1,0
oscar-cp,oscar.cp.constraints.tables.mdd,MDDEdge,182,24,26,0,0,1,37,4,21,4
oscar-cp,oscar.cp.constraints.tables.mdd,Node,0,115,0,2,0,13,0,17,0,16
oscar-cp,oscar.cp.constraints.tables.mdd,MDDNode,0,83,0,0,0,15,0,14,0,14
oscar-cp,oscar.cp.constraints.tables.mdd,MDD,7,619,2,34,1,112,2,29,0,13
oscar-cp,oscar.cp.constraints.tables.mdd,ReversibleMDD,1,920,1,37,0,139,1,51,0,33
oscar-cp,oscar.cp.constraints.tables.mdd,MDDEdge.,42,0,0,0,1,0,6,0,6,0
oscar-cp,oscar.cp.constraints.tables.mdd,MDDTableVar,5,327,1,27,1,69,2,26,1,13
oscar-cp,oscar.cp.constraints.sets,ExcludeElem,26,110,4,10,1,23,5,13,1,10
oscar-cp,oscar.cp.constraints.sets,Requires.,11,12,0,0,2,1,2,2,2,2
oscar-cp,oscar.cp.constraints.sets,Requires,22,21,0,0,1,2,3,3,3,3
oscar-cp,oscar.cp.constraints.sets,RequireElem,26,110,4,10,1,23,5,13,1,10
oscar-cp,oscar.cp.constraints.sets,Excludes.,11,12,0,0,2,1,2,2,2,2
oscar-cp,oscar.cp.constraints.sets,Excludes,22,21,0,0,1,2,3,3,3,3
oscar-cp,oscar.cp.examples.util.reader,QAPReader,15,0,0,0,0,0,3,0,3,0
oscar-cp,oscar.cp.examples.util.reader,KnapsackReader,8,0,0,0,0,0,2,0,2,0
oscar-cp,oscar.cp.examples.util.reader,KnapsackReader.,333,0,12,0,25,0,22,0,16,0
oscar-cp,oscar.cp.examples.util.reader,TSPUtils,51,0,0,0,0,0,12,0,12,0
oscar-cp,oscar.cp.examples.util.reader,QAPReader.,183,0,10,0,18,0,17,0,12,0
oscar-cp,oscar.cp.examples.util.reader,TSPUtils.,399,0,6,0,40,0,20,0,17,0
oscar-cp,oscar.ml.spm,PPIC,814,0,76,0,131,0,62,0,24,0
oscar-cp,oscar.algo.graph,GraphUtils.EdgeOrdering.2.,34,0,0,0,2,0,2,0,2,0
oscar-cp,oscar.algo.graph,GraphUtils,40,0,0,0,0,0,8,0,8,0
oscar-cp,oscar.algo.graph,NegativeWeightCycleException,0,3,0,0,0,1,0,1,0,1
oscar-cp,oscar.algo.graph,GraphUtils.,169,450,12,16,17,62,11,25,5,17
oscar-cp,oscar.cp.modeling,ElementBuilder.,10,0,0,0,2,0,2,0,2,0
oscar-cp,oscar.cp.modeling,Branchings.ValueHeuristicLearner,69,0,4,0,9,0,5,0,3,0
oscar-cp,oscar.cp.modeling,Branchings,429,248,0,0,41,22,69,33,69,33
oscar-cp,oscar.cp.modeling,WeightedDegreeHelper,69,0,2,0,9,0,7,0,6,0
oscar-cp,oscar.cp.modeling,ElementBuilder.ElementIntMatrixConstraintBuilderLine,40,0,0,0,2,0,8,0,8,0
oscar-cp,oscar.cp.modeling,ElementBuilder.ArrayCPIntVarElementConstraintBuilder,40,0,0,0,2,0,8,0,8,0
oscar-cp,oscar.cp.modeling,constraint,718,0,0,0,0,0,127,0,127,0
oscar-cp,oscar.cp.modeling,ElementBuilder.ArrayCPBoolVarElementConstraintBuilder,40,0,0,0,2,0,8,0,8,0
oscar-cp,oscar.cp.modeling,ElementBuilder,51,6,0,0,6,2,12,2,12,2
oscar-cp,oscar.cp.modeling,Constraints,1605,2085,21,43,108,168,152,173,134,159
oscar-cp,oscar.cp.modeling,ElementBuilder.ElementIntMatrixConstraintBuilderCol,70,0,0,0,6,0,2,0,2,0
oscar-cp,oscar.cp.modeling,LNSRelaxations,52,0,0,0,5,0,3,0,3,0
oscar-cp,oscar.cp.modeling,ElementBuilder.ArrayIntElementConstraintBuilder,40,0,0,0,2,0,8,0,8,0
oscar-cp,oscar.cp.modeling,ElementBuilder.ElementIntMatrixConstraintBuilderLine.,45,0,6,0,2,0,9,0,6,0
oscar-cp,oscar.cp.modeling,CPSolverUtils,72,171,0,0,6,14,16,42,16,42
oscar-cp,oscar.cp.modeling,constraint.,5,5,0,0,0,1,1,1,1,1
oscar-cp,oscar.cp.modeling,ElementBuilder.ArrayIntElementConstraintBuilder.,31,41,6,0,0,6,6,3,3,3
oscar-cp,oscar.cp.modeling,ElementBuilder.ArrayCPBoolVarElementConstraintBuilder.,96,0,6,0,7,0,9,0,6,0
oscar-cp,oscar.cp.modeling,ElementBuilder.ArrayCPIntVarElementConstraintBuilder.,94,0,6,0,6,0,9,0,6,0
oscar-cp,oscar.cp.multiobjective,Pareto.ParetoSol.,21,16,1,1,0,1,4,2,3,2
oscar-cp,oscar.cp.multiobjective,ListPareto.,5,32,0,0,1,2,1,5,1,5
oscar-cp,oscar.cp.multiobjective,Pareto.ParetoSol,125,20,23,1,0,1,25,3,13,3
oscar-cp,oscar.cp.multiobjective,SolSelect.,414,0,18,0,28,0,16,0,7,0
oscar-cp,oscar.cp.multiobjective,Pareto,11,230,0,8,1,39,2,26,2,22
oscar-cp,oscar.cp.multiobjective,ListPareto,28,165,1,5,0,22,8,15,7,13
oscar-cp,oscar.cp.multiobjective,SolSelect,23,0,0,0,0,0,5,0,5,0
oscar-cp,oscar.cp.core.watcher,WatcherL1BindId,35,0,0,0,3,0,3,0,3,0
oscar-cp,oscar.cp.core.watcher,WatcherListL1..anon.new TrailEntry() {...},4,17,1,1,0,1,1,2,0,2
oscar-cp,oscar.cp.core.watcher,WatcherL2,0,16,0,0,0,3,0,2,0,2
oscar-cp,oscar.cp.core.watcher,WatcherListL2..anon.new TrailEntry() {...},4,17,1,1,0,1,1,2,0,2
oscar-cp,oscar.cp.core.watcher,WatcherListL1,18,380,1,27,3,64,3,28,2,15
oscar-cp,oscar.cp.core.watcher,WatcherListL2,17,157,2,10,4,30,4,12,3,7
oscar-cp,oscar.cp.core.watcher,WatcherL2Garded,0,24,0,2,0,3,0,3,0,2
oscar-cp,oscar.cp.core.watcher,PropagEventQueueVarSet,28,34,4,0,8,2,5,6,3,6
oscar-cp,oscar.cp.core.watcher,Watcher,0,3,0,0,0,1,0,1,0,1
oscar-cp,oscar.cp.core.watcher,WatcherL1Bind,30,0,0,0,3,0,3,0,3,0
oscar-cp,oscar.cp.core.watcher,PropagEventQueueVarInt,62,0,4,0,10,0,11,0,9,0
oscar-cp,oscar.cp.nogoods.decisions,Assign,54,0,0,0,6,0,8,0,8,0
oscar-cp,oscar.cp.nogoods.decisions,LowerEq,70,0,2,0,7,0,11,0,10,0
oscar-cp,oscar.cp.nogoods.decisions,Greater,74,0,2,0,8,0,11,0,10,0
oscar-cp,oscar.cp.nogoods.decisions,Remove,58,0,2,0,6,0,9,0,8,0
oscar-cp,oscar.cp.nogoods.decisions,Decision,7,0,0,0,3,0,3,0,3,0
oscar-cp,oscar.algo,RangeMinQuery,0,222,0,8,0,21,0,15,0,11
oscar-cp,oscar.algo,SortUtils,33,0,0,0,0,0,5,0,5,0
oscar-cp,oscar.algo,SortUtils.,580,418,17,41,31,77,15,23,4,5
oscar-cp,oscar.algo,MutableIntMap,110,958,9,87,20,137,18,72,9,33
oscar-cp,oscar.algo,Inconsistency.,23,14,3,1,5,2,7,1,5,1
oscar-cp,oscar.algo,BinPacking.,39,320,1,35,2,44,3,23,2,6
oscar-cp,oscar.algo,package.RandomOps.,104,0,10,0,15,0,12,0,7,0
oscar-cp,oscar.algo,BinPacking,14,0,0,0,0,0,3,0,3,0
oscar-cp,oscar.algo,MutableIntMap.MapEntry,63,55,9,3,8,7,9,9,4,8
oscar-cp,oscar.algo,VectorMap.,14,0,0,0,2,0,3,0,3,0
oscar-cp,oscar.algo,MutableIntMap..anon.new IterableOnce() {...},12,53,2,2,1,7,3,2,1,2
oscar-cp,oscar.algo,Inconsistency,13,12,0,0,0,3,4,2,4,2
oscar-cp,oscar.algo,VectorMap,21,76,3,3,3,15,4,7,1,7
oscar-cp,oscar.algo,HeightProfile,7,0,0,0,0,0,2,0,2,0
oscar-cp,oscar.algo,HeightProfile.,33,184,4,12,1,20,5,9,1,5
oscar-cp,oscar.algo,DisjointSets.Set,4,82,1,1,0,12,1,13,0,13
oscar-cp,oscar.algo,package.Crossable,20,0,0,0,3,0,3,0,3,0
oscar-cp,oscar.algo,DisjointSets,0,257,0,14,0,32,0,19,0,12
oscar-cp,oscar.algo,HeightProfile.Rect.new Object() {...},0,27,0,0,0,2,0,5,0,5
oscar-cp,oscar.algo,Inconsistency..anon.new Inconsistency() {...},9,0,0,0,1,0,2,0,2,0
oscar-cp,oscar.algo,package,67,0,0,0,0,0,14,0,14,0
oscar-cp,oscar.algo,package.RandomOps,55,0,0,0,3,0,10,0,10,0
oscar-cp,oscar.algo,package.,221,54,13,1,40,9,22,4,15,4
oscar-cp,oscar.cp.scheduling.precedencegraph.datastructures,ActivityStack,0,58,0,2,0,10,0,6,0,5
oscar-cp,oscar.cp.scheduling.precedencegraph.datastructures,ActivityQueue,0,85,0,6,0,17,0,7,0,4
oscar-cp,oscar.cp.scheduling.precedencegraph.datastructures,IncreasingSet,0,141,0,8,0,30,0,12,0,8
oscar-cp,oscar.cp.scheduling.precedencegraph.datastructures,ReversibleSetOfActivities,32,107,0,6,1,21,1,8,1,5
oscar-cp,oscar.ml.classificationtree,solveDecisionTree.,50,0,0,0,15,0,3,0,3,0
oscar-cp,oscar.ml.classificationtree,Validation.NodeValidationTree,207,0,28,0,6,0,37,0,21,0
oscar-cp,oscar.ml.classificationtree,RunTreeANDOR,19,0,0,0,0,0,3,0,3,0
oscar-cp,oscar.ml.classificationtree,Validation.NodeValidationTree.,43,0,2,0,1,0,6,0,5,0
oscar-cp,oscar.ml.classificationtree,Validation.ValidationTree,26,0,6,0,4,0,5,0,2,0
oscar-cp,oscar.ml.classificationtree,Validation,241,0,14,0,35,0,14,0,7,0
oscar-cp,oscar.ml.classificationtree,solveDecisionTree,4,0,0,0,0,0,1,0,1,0
oscar-cp,oscar.ml.classificationtree,Validation.LeafValidationTree.,33,0,2,0,1,0,6,0,5,0
oscar-cp,oscar.ml.classificationtree,Validation.LeafValidationTree,135,0,18,0,3,0,24,0,15,0
oscar-cp,oscar.ml.classificationtree,RunTreeANDOR.,176,0,20,0,41,0,16,0,5,0
oscar-cp,oscar.cp.constraints.nooverlap.thetalambdatree,ThetaLambdaTree,197,1238,19,53,41,167,20,96,8,72
oscar-cp,oscar.cp.constraints.nooverlap.thetalambdatree,ThetaLambdaTreeTransitionTimes,48,280,0,12,9,35,1,17,1,11
oscar-cp,oscar.cp.constraints.nooverlap.thetalambdatree,ThetaLambdaTreeTransitionTimesFamilies,103,579,2,34,9,75,4,36,2,20
oscar-cp,oscar.cp.nogoods.core,Nogood,60,0,2,0,6,0,7,0,6,0
oscar-cp,oscar.cp.nogoods.core,Unfeasible,13,0,0,0,3,0,3,0,3,0
oscar-cp,oscar.ml.pm.utils,ProteinLongSequence,59,0,0,0,0,0,15,0,15,0
oscar-cp,oscar.ml.pm.utils,BitSetOp2.,45,0,0,0,6,0,7,0,7,0
oscar-cp,oscar.ml.pm.utils,Dataset.,119,0,2,0,15,0,8,0,7,0
oscar-cp,oscar.ml.pm.utils,Chi2.,142,0,4,0,21,0,5,0,3,0
oscar-cp,oscar.ml.pm.utils,Fisher,7,0,0,0,0,0,1,0,1,0
oscar-cp,oscar.ml.pm.utils,ProteinLongSequence.,116,0,2,0,13,0,10,0,9,0
oscar-cp,oscar.ml.pm.utils,SparseFormat,127,0,6,0,14,0,10,0,7,0
oscar-cp,oscar.ml.pm.utils,SpadeFormat.,223,0,6,0,20,0,21,0,18,0
oscar-cp,oscar.ml.pm.utils,LongSequenceTimeFormat,65,0,0,0,0,0,17,0,17,0
oscar-cp,oscar.ml.pm.utils,ZDCScaled,26,0,0,0,2,0,4,0,4,0
oscar-cp,oscar.ml.pm.utils,TimeOption,206,0,26,0,1,0,41,0,25,0
oscar-cp,oscar.ml.pm.utils,ReversibleSparseBitSet2.BitSet,357,0,24,0,46,0,29,0,17,0
oscar-cp,oscar.ml.pm.utils,TestHelpers.,521,0,32,0,57,0,37,0,21,0
oscar-cp,oscar.ml.pm.utils,BSpadeFormat.,279,0,8,0,26,0,24,0,20,0
oscar-cp,oscar.ml.pm.utils,ReversibleSparseBitSet2,1480,0,130,0,281,0,103,0,38,0
oscar-cp,oscar.ml.pm.utils,Fisher.,106,0,4,0,11,0,5,0,3,0
oscar-cp,oscar.ml.pm.utils,TestHelpers,43,0,0,0,0,0,8,0,8,0
oscar-cp,oscar.ml.pm.utils,LongSequenceTimeFormat.,175,0,4,0,16,0,16,0,14,0
oscar-cp,oscar.ml.pm.utils,TdbFormat,59,0,0,0,0,0,15,0,15,0
oscar-cp,oscar.ml.pm.utils,TdbWithLabelFormat.,13,0,0,0,2,0,2,0,2,0
oscar-cp,oscar.ml.pm.utils,SpmfFormat,59,0,0,0,0,0,15,0,15,0
oscar-cp,oscar.ml.pm.utils,LongSequenceFormat,117,0,4,0,15,0,11,0,9,0
oscar-cp,oscar.ml.pm.utils,Transaction.,47,0,0,0,3,0,9,0,9,0
oscar-cp,oscar.ml.pm.utils,DatasetUtils.,801,0,38,0,57,0,53,0,34,0
oscar-cp,oscar.ml.pm.utils,DatasetUtils,98,0,0,0,0,0,22,0,22,0
oscar-cp,oscar.ml.pm.utils,TdbWithLabelFormat,59,0,0,0,0,0,15,0,15,0
oscar-cp,oscar.ml.pm.utils,SpmfWithTimeFormat.,183,0,4,0,14,0,14,0,12,0
oscar-cp,oscar.ml.pm.utils,Transaction,186,0,22,0,3,0,38,0,25,0
oscar-cp,oscar.ml.pm.utils,SpmfFormat.,109,0,4,0,12,0,10,0,8,0
oscar-cp,oscar.ml.pm.utils,Gini.,135,0,6,0,19,0,6,0,3,0
oscar-cp,oscar.ml.pm.utils,InvalidOperationException,4,0,0,0,1,0,1,0,1,0
oscar-cp,oscar.ml.pm.utils,TimeOption.,42,0,0,0,1,0,6,0,6,0
oscar-cp,oscar.ml.pm.utils,FunctionNotUsedForThisFileFormatException,4,0,0,0,1,0,1,0,1,0
oscar-cp,oscar.ml.pm.utils,Chi2,7,0,0,0,0,0,1,0,1,0
oscar-cp,oscar.ml.pm.utils,FileFormat,109,0,4,0,14,0,13,0,11,0
oscar-cp,oscar.ml.pm.utils,InfGain,7,0,0,0,0,0,1,0,1,0
oscar-cp,oscar.ml.pm.utils,Dataset,322,0,0,0,24,0,32,0,32,0
oscar-cp,oscar.ml.pm.utils,TdbFormat.,10,0,0,0,1,0,2,0,2,0
oscar-cp,oscar.ml.pm.utils,LongSequenceWithNameAndTime,59,0,0,0,0,0,15,0,15,0
oscar-cp,oscar.ml.pm.utils,ZDCScaled.,12,0,0,0,1,0,3,0,3,0
oscar-cp,oscar.ml.pm.utils,BSpadeFormat,74,0,0,0,0,0,20,0,20,0
oscar-cp,oscar.ml.pm.utils,ReversibleSparseBitSetEntry,15,0,0,0,2,0,2,0,2,0
oscar-cp,oscar.ml.pm.utils,SpmfWithTimeFormat,59,0,0,0,0,0,15,0,15,0
oscar-cp,oscar.ml.pm.utils,BitSetOp2,21,0,0,0,0,0,5,0,5,0
oscar-cp,oscar.ml.pm.utils,ZDCFunction,3,0,0,0,1,0,1,0,1,0
oscar-cp,oscar.ml.pm.utils,LongSequenceWithNameAndTime.,187,0,8,0,32,0,13,0,9,0
oscar-cp,oscar.ml.pm.utils,SpmfWithHeaderFormat.,265,0,6,0,25,0,20,0,17,0
oscar-cp,oscar.ml.pm.utils,Gini,7,0,0,0,0,0,1,0,1,0
oscar-cp,oscar.ml.pm.utils,InfGain.,121,0,8,0,16,0,8,0,4,0
oscar-cp,oscar.ml.pm.utils,SpmfWithHeaderFormat,59,0,0,0,0,0,15,0,15,0
oscar-cp,oscar.ml.pm.utils,SpadeFormat,71,0,0,0,0,0,19,0,19,0
oscar-cp,oscar.util.instanceGenerators,RandomFamilyInstanceGenerator,52,0,0,0,0,0,8,0,8,0
oscar-cp,oscar.util.instanceGenerators,RandomFamilyInstanceGenerator.,349,226,12,12,30,17,20,16,14,10
oscar-cp,oscar.cp.examples.hakank,Sudoku.,587,0,0,0,31,0,21,0,21,0
oscar-cp,oscar.cp.examples.hakank,MagicSequence,30,0,0,0,0,0,9,0,9,0
oscar-cp,oscar.cp.examples.hakank,Sudoku2,60,0,0,0,0,0,18,0,18,0
oscar-cp,oscar.cp.examples.hakank,CostasArray,23,0,0,0,0,0,7,0,7,0
oscar-cp,oscar.cp.examples.hakank,Eq10.,917,0,4,0,31,0,23,0,21,0
oscar-cp,oscar.cp.examples.hakank,StableMarriage,62,0,0,0,0,0,19,0,19,0
oscar-cp,oscar.cp.examples.hakank,SceneAllocation,93,0,0,0,0,0,30,0,30,0
oscar-cp,oscar.cp.examples.hakank,FillAPix.,852,0,4,0,33,0,25,0,23,0
oscar-cp,oscar.cp.examples.hakank,Crypto,162,0,0,0,0,0,53,0,53,0
oscar-cp,oscar.cp.examples.hakank,ClockTriplets,23,0,0,0,0,0,7,0,7,0
oscar-cp,oscar.cp.examples.hakank,Zebra,102,0,0,0,0,0,33,0,33,0
oscar-cp,oscar.cp.examples.hakank,DeBruijn.,353,0,6,0,24,0,28,0,25,0
oscar-cp,oscar.cp.examples.hakank,Coins3.,182,0,0,0,18,0,17,0,17,0
oscar-cp,oscar.cp.examples.hakank,CalvinPuzzleTable.,330,0,4,0,26,0,25,0,23,0
oscar-cp,oscar.cp.examples.hakank,PostOfficeProblem.,245,0,0,0,22,0,20,0,20,0
oscar-cp,oscar.cp.examples.hakank,CoveringOpl.,790,0,0,0,34,0,20,0,20,0
oscar-cp,oscar.cp.examples.hakank,MyModulo,47,0,0,0,0,0,13,0,13,0
oscar-cp,oscar.cp.examples.hakank,Futoshiki,66,0,0,0,0,0,20,0,20,0
oscar-cp,oscar.cp.examples.hakank,ChooChooTrain.,398,0,0,0,25,0,21,0,21,0
oscar-cp,oscar.cp.examples.hakank,Crypto.,1040,0,0,0,61,0,61,0,61,0
oscar-cp,oscar.cp.examples.hakank,Crypto2,108,0,0,0,0,0,34,0,34,0
oscar-cp,oscar.cp.examples.hakank,Marathon.,482,0,4,0,35,0,29,0,27,0
oscar-cp,oscar.cp.examples.hakank,Xkcd,33,0,0,0,0,0,10,0,10,0
oscar-cp,oscar.cp.examples.hakank,SetCovering4.,642,0,0,0,34,0,22,0,22,0
oscar-cp,oscar.cp.examples.hakank,GolombRuler,41,0,0,0,0,0,12,0,12,0
oscar-cp,oscar.cp.examples.hakank,DivisibleBy9Through1.,305,0,4,0,28,0,25,0,23,0
oscar-cp,oscar.cp.examples.hakank,SetCovering3.,454,0,0,0,25,0,19,0,19,0
oscar-cp,oscar.cp.examples.hakank,BreakingNews,83,0,0,0,0,0,26,0,26,0
oscar-cp,oscar.cp.examples.hakank,QuasigroupCompletion.,369,0,4,0,27,0,24,0,22,0
oscar-cp,oscar.cp.examples.hakank,SetCoveringSkiena.,607,0,0,0,34,0,20,0,20,0
oscar-cp,oscar.cp.examples.hakank,MrSmith.,312,0,4,0,24,0,24,0,22,0
oscar-cp,oscar.cp.examples.hakank,SendMoreMoneyAnyBase.,475,0,2,0,35,0,30,0,29,0
oscar-cp,oscar.cp.examples.hakank,Minesweeper.,480,0,4,0,30,0,28,0,26,0
oscar-cp,oscar.cp.examples.hakank,CoinsGrid.,179,0,0,0,17,0,16,0,16,0
oscar-cp,oscar.cp.examples.hakank,ContiguityRegular,24,0,0,0,0,0,7,0,7,0
oscar-cp,oscar.cp.examples.hakank,Lectures,36,0,0,0,0,0,11,0,11,0
oscar-cp,oscar.cp.examples.hakank,NurseRosteringRegular2.,668,0,2,0,53,0,38,0,37,0
oscar-cp,oscar.cp.examples.hakank,YoungTableaux,39,0,0,0,0,0,12,0,12,0
oscar-cp,oscar.cp.examples.hakank,BuildingAHouseScheduling.,10,0,0,0,1,0,2,0,2,0
oscar-cp,oscar.cp.examples.hakank,NurseRosteringRegular.,711,0,4,0,59,0,44,0,42,0
oscar-cp,oscar.cp.examples.hakank,ContiguityRegular.,288,0,2,0,24,0,16,0,15,0
oscar-cp,oscar.cp.examples.hakank,SendMoreMoney,41,0,0,0,0,0,13,0,13,0
oscar-cp,oscar.cp.examples.hakank,KenKen2.,910,0,4,0,57,0,25,0,23,0
oscar-cp,oscar.cp.examples.hakank,SendMostMoney,21,0,0,0,0,0,6,0,6,0
oscar-cp,oscar.cp.examples.hakank,BalesOfHay.,196,0,0,0,14,0,18,0,18,0
oscar-cp,oscar.cp.examples.hakank,NurseRosteringRegular2,88,0,0,0,0,0,28,0,28,0
oscar-cp,oscar.cp.examples.hakank,GolombRuler.,273,0,2,0,27,0,21,0,20,0
oscar-cp,oscar.cp.examples.hakank,PandigitalNumbers,62,0,0,0,0,0,17,0,17,0
oscar-cp,oscar.cp.examples.hakank,BreakingNews.,778,0,12,0,44,0,42,0,36,0
oscar-cp,oscar.cp.examples.hakank,MapColoring2.,319,0,0,0,29,0,24,0,24,0
oscar-cp,oscar.cp.examples.hakank,Minesweeper,55,0,0,0,0,0,16,0,16,0
oscar-cp,oscar.cp.examples.hakank,AllDifferentExcept0,29,0,0,0,0,0,9,0,9,0
oscar-cp,oscar.cp.examples.hakank,FiveFloors.,320,0,4,0,21,0,24,0,22,0
oscar-cp,oscar.cp.examples.hakank,SurvoPuzzle,59,0,0,0,0,0,17,0,17,0
oscar-cp,oscar.cp.examples.hakank,HidatoTable.,2038,0,2,0,64,0,28,0,27,0
oscar-cp,oscar.cp.examples.hakank,MapColoring3.,326,0,0,0,30,0,25,0,25,0
oscar-cp,oscar.cp.examples.hakank,ArchFriends.,594,0,8,0,37,0,38,0,34,0
oscar-cp,oscar.cp.examples.hakank,Crypta,56,0,0,0,0,0,18,0,18,0
oscar-cp,oscar.cp.examples.hakank,SetCoveringSkiena,39,0,0,0,0,0,12,0,12,0
oscar-cp,oscar.cp.examples.hakank,Zebra.,1050,0,0,0,65,0,40,0,40,0
oscar-cp,oscar.cp.examples.hakank,Zebra2,117,0,0,0,0,0,38,0,38,0
oscar-cp,oscar.cp.examples.hakank,Seseman.,315,0,2,0,22,0,19,0,18,0
oscar-cp,oscar.cp.examples.hakank,MaxFlowTaha,54,0,0,0,0,0,17,0,17,0
oscar-cp,oscar.cp.examples.hakank,YoungTableaux.,289,0,2,0,27,0,22,0,21,0
oscar-cp,oscar.cp.examples.hakank,NurseRosteringRegular,95,0,0,0,0,0,30,0,30,0
oscar-cp,oscar.cp.examples.hakank,SetCovering.,345,0,0,0,24,0,19,0,19,0
oscar-cp,oscar.cp.examples.hakank,SetPartition.,257,0,6,0,29,0,22,0,19,0
oscar-cp,oscar.cp.examples.hakank,MagicSequence.,179,0,2,0,12,0,17,0,16,0
oscar-cp,oscar.cp.examples.hakank,Grocery,37,0,0,0,0,0,11,0,11,0
oscar-cp,oscar.cp.examples.hakank,SendMostMoney2,8,0,0,0,0,0,2,0,2,0
oscar-cp,oscar.cp.examples.hakank,SendMoreMoney2,41,0,0,0,0,0,13,0,13,0
oscar-cp,oscar.cp.examples.hakank,SendMostMoney.,548,0,2,0,50,0,15,0,14,0
oscar-cp,oscar.cp.examples.hakank,CostasArray.,237,0,2,0,21,0,17,0,16,0
oscar-cp,oscar.cp.examples.hakank,SendMoreMoney.,372,0,0,0,23,0,20,0,20,0
oscar-cp,oscar.cp.examples.hakank,DivisibleBy9Through1,42,0,0,0,0,0,13,0,13,0
oscar-cp,oscar.cp.examples.hakank,Eq10,41,0,0,0,0,0,13,0,13,0
oscar-cp,oscar.cp.examples.hakank,Crypta.,888,0,4,0,27,0,28,0,26,0
oscar-cp,oscar.cp.examples.hakank,PMedian,51,0,0,0,0,0,16,0,16,0
oscar-cp,oscar.cp.examples.hakank,ClockTriplets.,284,0,0,0,25,0,15,0,15,0
oscar-cp,oscar.cp.examples.hakank,SetCovering2,36,0,0,0,0,0,11,0,11,0
oscar-cp,oscar.cp.examples.hakank,AlphameticGenerate.,474,0,14,0,60,0,25,0,18,0
oscar-cp,oscar.cp.examples.hakank,SetCovering4,42,0,0,0,0,0,13,0,13,0
oscar-cp,oscar.cp.examples.hakank,SetCovering3,36,0,0,0,0,0,11,0,11,0
oscar-cp,oscar.cp.examples.hakank,NontransitiveDice,75,0,0,0,0,0,23,0,23,0
oscar-cp,oscar.cp.examples.hakank,SafeCracking,54,0,0,0,0,0,17,0,17,0
oscar-cp,oscar.cp.examples.hakank,QuasigroupCompletion,41,0,0,0,0,0,12,0,12,0
oscar-cp,oscar.cp.examples.hakank,BusSchedule,29,0,0,0,0,0,9,0,9,0
oscar-cp,oscar.cp.examples.hakank,SecretSanta2,99,0,0,0,0,0,31,0,31,0
oscar-cp,oscar.cp.examples.hakank,MagicSquareAndCards,42,0,0,0,0,0,13,0,13,0
oscar-cp,oscar.cp.examples.hakank,SecretSanta.,240,0,2,0,19,0,19,0,18,0
oscar-cp,oscar.cp.examples.hakank,LeastDiff.,505,0,0,0,29,0,25,0,25,0
oscar-cp,oscar.cp.examples.hakank,TouristSiteCompetition,96,0,0,0,0,0,31,0,31,0
oscar-cp,oscar.cp.examples.hakank,BrokenWeights.,262,0,4,0,23,0,22,0,20,0
oscar-cp,oscar.cp.examples.hakank,CrossWord,122,0,0,0,0,0,40,0,40,0
oscar-cp,oscar.cp.examples.hakank,LeastDiff2,62,0,0,0,0,0,20,0,20,0
oscar-cp,oscar.cp.examples.hakank,SkiAssignment.,219,0,0,0,19,0,20,0,20,0
oscar-cp,oscar.cp.examples.hakank,SetCovering2.,314,0,0,0,29,0,19,0,19,0
oscar-cp,oscar.cp.examples.hakank,Crypto2.,865,0,8,0,35,0,46,0,42,0
oscar-cp,oscar.cp.examples.hakank,SecretSanta,33,0,0,0,0,0,10,0,10,0
oscar-cp,oscar.cp.examples.hakank,CircuitTest.,274,0,0,0,25,0,19,0,19,0
oscar-cp,oscar.cp.examples.hakank,Diet2,44,0,0,0,0,0,14,0,14,0
oscar-cp,oscar.cp.examples.hakank,Lectures.,301,0,0,0,29,0,19,0,19,0
oscar-cp,oscar.cp.examples.hakank,Diet.,317,0,0,0,22,0,21,0,21,0
oscar-cp,oscar.cp.examples.hakank,BalesOfHay,34,0,0,0,0,0,10,0,10,0
oscar-cp,oscar.cp.examples.hakank,SkiAssignment,39,0,0,0,0,0,12,0,12,0
oscar-cp,oscar.cp.examples.hakank,DeBruijn,50,0,0,0,0,0,15,0,15,0
oscar-cp,oscar.cp.examples.hakank,EinavPuzzle.,1424,0,0,0,58,0,28,0,28,0
oscar-cp,oscar.cp.examples.hakank,AppointmentSchedulingSet.,250,0,8,0,21,0,25,0,21,0
oscar-cp,oscar.cp.examples.hakank,CrossWord.,1140,0,0,0,56,0,49,0,49,0
oscar-cp,oscar.cp.examples.hakank,MapColoring,33,0,0,0,0,0,10,0,10,0
oscar-cp,oscar.cp.examples.hakank,MaxFlowTaha.,492,0,8,0,38,0,34,0,30,0
oscar-cp,oscar.cp.examples.hakank,AddedCorner,47,0,0,0,0,0,15,0,15,0
oscar-cp,oscar.cp.examples.hakank,PhotoProblem,44,0,0,0,0,0,13,0,13,0
oscar-cp,oscar.cp.examples.hakank,Exodus,102,0,0,0,0,0,32,0,32,0
oscar-cp,oscar.cp.examples.hakank,MrSmith,46,0,0,0,0,0,14,0,14,0
oscar-cp,oscar.cp.examples.hakank,Olympic.,403,0,4,0,22,0,29,0,27,0
oscar-cp,oscar.cp.examples.hakank,Rogo2.,846,0,2,0,73,0,52,0,51,0
oscar-cp,oscar.cp.examples.hakank,ABCEndview.,1714,0,14,0,155,0,24,0,17,0
oscar-cp,oscar.cp.examples.hakank,Crew.,1129,0,2,0,81,0,25,0,24,0
oscar-cp,oscar.cp.examples.hakank,Crew,51,0,0,0,0,0,16,0,16,0
oscar-cp,oscar.cp.examples.hakank,StableMarriageRandom,65,0,0,0,0,0,20,0,20,0
oscar-cp,oscar.cp.examples.hakank,FurnitureMoving,52,0,0,0,0,0,15,0,15,0
oscar-cp,oscar.cp.examples.hakank,SetCoveringDeployment,42,0,0,0,0,0,13,0,13,0
oscar-cp,oscar.cp.examples.hakank,SceneAllocation.,1100,0,12,0,57,0,53,0,47,0
oscar-cp,oscar.cp.examples.hakank,AppointmentSchedulingSet,42,0,0,0,0,0,13,0,13,0
oscar-cp,oscar.cp.examples.hakank,PandigitalNumbers.,416,0,4,0,39,0,27,0,25,0
oscar-cp,oscar.cp.examples.hakank,Sudoku,42,0,0,0,0,0,13,0,13,0
oscar-cp,oscar.cp.examples.hakank,SendMoreMoney2.,382,0,4,0,16,0,23,0,21,0
oscar-cp,oscar.cp.examples.hakank,Marathon,60,0,0,0,0,0,18,0,18,0
oscar-cp,oscar.cp.examples.hakank,Tomography.,705,0,2,0,34,0,28,0,27,0
oscar-cp,oscar.cp.examples.hakank,APuzzle,67,0,0,0,0,0,21,0,21,0
oscar-cp,oscar.cp.examples.hakank,FourIslands,86,0,0,0,0,0,28,0,28,0
oscar-cp,oscar.cp.examples.hakank,BowlsAndOranges,23,0,0,0,0,0,7,0,7,0
oscar-cp,oscar.cp.examples.hakank,MagicSquare.,361,0,4,0,24,0,20,0,18,0
oscar-cp,oscar.cp.examples.hakank,ARoundOfGolf.,736,0,8,0,44,0,37,0,33,0
oscar-cp,oscar.cp.examples.hakank,ToNum,41,0,0,0,0,0,12,0,12,0
oscar-cp,oscar.cp.examples.hakank,LeastDiff,56,0,0,0,0,0,18,0,18,0
oscar-cp,oscar.cp.examples.hakank,LeastDiff2.,464,0,4,0,22,0,30,0,28,0
oscar-cp,oscar.cp.examples.hakank,ToNum.,170,0,0,0,17,0,19,0,19,0
oscar-cp,oscar.cp.examples.hakank,KenKen2,45,0,0,0,0,0,13,0,13,0
oscar-cp,oscar.cp.examples.hakank,BowlsAndOranges.,142,0,0,0,10,0,15,0,15,0
oscar-cp,oscar.cp.examples.hakank,StableMarriageRandom.,335,0,6,0,38,0,32,0,29,0
oscar-cp,oscar.cp.examples.hakank,ArchFriends,80,0,0,0,0,0,24,0,24,0
oscar-cp,oscar.cp.examples.hakank,Hidato.,538,0,0,0,27,0,20,0,20,0
oscar-cp,oscar.cp.examples.hakank,FourIslands.,1201,0,16,0,62,0,46,0,38,0
oscar-cp,oscar.cp.examples.hakank,Langford.,241,0,4,0,18,0,21,0,19,0
oscar-cp,oscar.cp.examples.hakank,WordSquare.,298,0,6,0,31,0,27,0,24,0
oscar-cp,oscar.cp.examples.hakank,APuzzle.,1950,0,16,0,90,0,37,0,29,0
oscar-cp,oscar.cp.examples.hakank,PlaceNumberPuzzle.,594,0,0,0,48,0,18,0,18,0
oscar-cp,oscar.cp.examples.hakank,TrafficLights,48,0,0,0,0,0,15,0,15,0
oscar-cp,oscar.cp.examples.hakank,SendMoreMoneyAnyBase,70,0,0,0,0,0,22,0,22,0
oscar-cp,oscar.cp.examples.hakank,Hidato,40,0,0,0,0,0,12,0,12,0
oscar-cp,oscar.cp.examples.hakank,Kakuro.,1213,0,0,0,54,0,23,0,23,0
oscar-cp,oscar.cp.examples.hakank,MapColoring.,338,0,0,0,21,0,18,0,18,0
oscar-cp,oscar.cp.examples.hakank,StableMarriage.,1964,0,7,0,93,0,33,0,28,0
oscar-cp,oscar.cp.examples.hakank,EinavPuzzle,57,0,0,0,0,0,18,0,18,0
oscar-cp,oscar.cp.examples.hakank,MapColoring3,55,0,0,0,0,0,17,0,17,0
oscar-cp,oscar.cp.examples.hakank,SichermanDice.,272,0,0,0,22,0,23,0,23,0
oscar-cp,oscar.cp.examples.hakank,MapColoring2,52,0,0,0,0,0,16,0,16,0
oscar-cp,oscar.cp.examples.hakank,MyModulo.,320,0,0,0,35,0,21,0,21,0
oscar-cp,oscar.cp.examples.hakank,Exodus.,996,0,12,0,53,0,49,0,43,0
oscar-cp,oscar.cp.examples.hakank,MagicSquare,32,0,0,0,0,0,10,0,10,0
oscar-cp,oscar.cp.examples.hakank,JustForgotten,33,0,0,0,0,0,10,0,10,0
oscar-cp,oscar.cp.examples.hakank,AllDifferentExcept0.,211,0,2,0,17,0,18,0,17,0
oscar-cp,oscar.cp.examples.hakank,Olympic,63,0,0,0,0,0,19,0,19,0
oscar-cp,oscar.cp.examples.hakank,Coins3,26,0,0,0,0,0,8,0,8,0
oscar-cp,oscar.cp.examples.hakank,Xkcd.,171,0,0,0,15,0,18,0,18,0
oscar-cp,oscar.cp.examples.hakank,FiveFloors,46,0,0,0,0,0,14,0,14,0
oscar-cp,oscar.cp.examples.hakank,EinsteinPuzzle.,1180,0,20,0,49,0,59,0,49,0
oscar-cp,oscar.cp.examples.hakank,Langford,33,0,0,0,0,0,10,0,10,0
oscar-cp,oscar.cp.examples.hakank,SecretSanta2.,1163,0,2,0,73,0,41,0,40,0
oscar-cp,oscar.cp.examples.hakank,AllIntervals,29,0,0,0,0,0,9,0,9,0
oscar-cp,oscar.cp.examples.hakank,ARoundOfGolf,72,0,0,0,0,0,23,0,23,0
oscar-cp,oscar.cp.examples.hakank,SequenceSum.,186,0,0,0,19,0,19,0,19,0
oscar-cp,oscar.cp.examples.hakank,Strimko.,620,0,0,0,34,0,20,0,20,0
oscar-cp,oscar.cp.examples.hakank,OrganizeDay.,437,0,4,0,27,0,31,0,29,0
oscar-cp,oscar.cp.examples.hakank,CalculsDEnfer,115,0,0,0,0,0,37,0,37,0
oscar-cp,oscar.cp.examples.hakank,Seseman,33,0,0,0,0,0,10,0,10,0
oscar-cp,oscar.cp.examples.hakank,AddedCorner.,362,0,4,0,18,0,25,0,23,0
oscar-cp,oscar.cp.examples.hakank,BrokenWeights,37,0,0,0,0,0,11,0,11,0
oscar-cp,oscar.cp.examples.hakank,HidatoTable,54,0,0,0,0,0,17,0,17,0
oscar-cp,oscar.cp.examples.hakank,CalvinPuzzleTable,42,0,0,0,0,0,13,0,13,0
oscar-cp,oscar.cp.examples.hakank,SendMostMoney2.,379,0,4,0,38,0,7,0,5,0
oscar-cp,oscar.cp.examples.hakank,CuriousSetOfIntegers.,318,0,0,0,23,0,18,0,18,0
oscar-cp,oscar.cp.examples.hakank,CuriousSetOfIntegers,34,0,0,0,0,0,10,0,10,0
oscar-cp,oscar.cp.examples.hakank,EinsteinPuzzle,110,0,0,0,0,0,36,0,36,0
oscar-cp,oscar.cp.examples.hakank,Alphametic,52,0,0,0,0,0,12,0,12,0
oscar-cp,oscar.cp.examples.hakank,Kakuro,45,0,0,0,0,0,13,0,13,0
oscar-cp,oscar.cp.examples.hakank,OrganizeDay,67,0,0,0,0,0,20,0,20,0
oscar-cp,oscar.cp.examples.hakank,WhoKilledAgatha.,344,0,0,0,33,0,27,0,27,0
oscar-cp,oscar.cp.examples.hakank,PMedian.,359,0,0,0,31,0,25,0,25,0
oscar-cp,oscar.cp.examples.hakank,Futoshiki.,920,0,8,0,58,0,33,0,29,0
oscar-cp,oscar.cp.examples.hakank,WordSquare,54,0,0,0,0,0,16,0,16,0
oscar-cp,oscar.cp.examples.hakank,BusSchedule.,216,0,0,0,19,0,17,0,17,0
oscar-cp,oscar.cp.examples.hakank,CoinsGrid,26,0,0,0,0,0,8,0,8,0
oscar-cp,oscar.cp.examples.hakank,Diet,41,0,0,0,0,0,13,0,13,0
oscar-cp,oscar.cp.examples.hakank,Zebra2.,1061,0,20,0,46,0,60,0,50,0
oscar-cp,oscar.cp.examples.hakank,CoveringOpl,39,0,0,0,0,0,12,0,12,0
oscar-cp,oscar.cp.examples.hakank,SetCoveringDeployment.,579,0,0,0,40,0,22,0,22,0
oscar-cp,oscar.cp.examples.hakank,Rogo2,130,0,0,0,0,0,39,0,39,0
oscar-cp,oscar.cp.examples.hakank,ChooChooTrain,44,0,0,0,0,0,14,0,14,0
oscar-cp,oscar.cp.examples.hakank,CalculsDEnfer.,1007,0,8,0,36,0,49,0,45,0
oscar-cp,oscar.cp.examples.hakank,MaxFlowWinston1,51,0,0,0,0,0,16,0,16,0
oscar-cp,oscar.cp.examples.hakank,SequenceSum,39,0,0,0,0,0,11,0,11,0
oscar-cp,oscar.cp.examples.hakank,ABCEndview.Problem.new Object() {...},99,0,0,0,20,0,12,0,12,0
oscar-cp,oscar.cp.examples.hakank,Assignment.,320,0,0,0,26,0,24,0,24,0
oscar-cp,oscar.cp.examples.hakank,SichermanDice,45,0,0,0,0,0,14,0,14,0
oscar-cp,oscar.cp.examples.hakank,SetCovering,36,0,0,0,0,0,11,0,11,0
oscar-cp,oscar.cp.examples.hakank,AlphameticGenerate,46,0,0,0,0,0,11,0,11,0
oscar-cp,oscar.cp.examples.hakank,JustForgotten.,355,0,0,0,22,0,18,0,18,0
oscar-cp,oscar.cp.examples.hakank,TrafficLights.,349,0,0,0,27,0,24,0,24,0
oscar-cp,oscar.cp.examples.hakank,FillAPix,46,0,0,0,0,0,14,0,14,0
oscar-cp,oscar.cp.examples.hakank,NontransitiveDice.,481,0,6,0,49,0,40,0,37,0
oscar-cp,oscar.cp.examples.hakank,SafeCracking.,373,0,4,0,19,0,27,0,25,0
oscar-cp,oscar.cp.examples.hakank,PostOfficeProblem,39,0,0,0,0,0,12,0,12,0
oscar-cp,oscar.cp.examples.hakank,AllIntervals.,259,0,4,0,19,0,20,0,18,0
oscar-cp,oscar.cp.examples.hakank,Diet2.,293,0,0,0,20,0,22,0,22,0
oscar-cp,oscar.cp.examples.hakank,FurnitureMoving.,401,0,4,0,36,0,30,0,28,0
oscar-cp,oscar.cp.examples.hakank,WhoKilledAgatha,57,0,0,0,0,0,18,0,18,0
oscar-cp,oscar.cp.examples.hakank,SurvoPuzzle.,522,0,4,0,36,0,28,0,26,0
oscar-cp,oscar.cp.examples.hakank,KillerSudoku,51,0,0,0,0,0,15,0,15,0
oscar-cp,oscar.cp.examples.hakank,MagicSquareAndCards.,344,0,2,0,28,0,24,0,23,0
oscar-cp,oscar.cp.examples.hakank,TouristSiteCompetition.,594,0,8,0,32,0,44,0,40,0
oscar-cp,oscar.cp.examples.hakank,Grocery.,206,0,0,0,21,0,20,0,20,0
oscar-cp,oscar.cp.examples.hakank,ABCEndview,4,0,0,0,0,0,1,0,1,0
oscar-cp,oscar.cp.examples.hakank,Assignment,52,0,0,0,0,0,15,0,15,0
oscar-cp,oscar.cp.examples.hakank,PlaceNumberPuzzle,33,0,0,0,0,0,10,0,10,0
oscar-cp,oscar.cp.examples.hakank,SchedulingSpeakers,33,0,0,0,0,0,10,0,10,0
oscar-cp,oscar.cp.examples.hakank,SetPartition,36,0,0,0,0,0,11,0,11,0
oscar-cp,oscar.cp.examples.hakank,MaxFlowWinston1.,444,0,4,0,38,0,32,0,30,0
oscar-cp,oscar.cp.examples.hakank,Sudoku2.,823,0,8,0,46,0,34,0,30,0
oscar-cp,oscar.cp.examples.hakank,PhotoProblem.,588,0,0,0,44,0,22,0,22,0
oscar-cp,oscar.cp.examples.hakank,CircuitTest,32,0,0,0,0,0,9,0,9,0
oscar-cp,oscar.cp.examples.hakank,KillerSudoku.,1150,0,0,0,54,0,24,0,24,0
oscar-cp,oscar.cp.examples.hakank,Assignment.CPIntVarMatrix,29,0,0,0,3,0,4,0,4,0
oscar-cp,oscar.cp.examples.hakank,SchedulingSpeakers.,248,0,0,0,22,0,17,0,17,0
oscar-cp,oscar.cp.examples.hakank,Alphametic.,480,0,23,0,59,0,31,0,18,0
oscar-cp,oscar.cp.examples.hakank,Fancy.,511,0,8,0,23,0,32,0,28,0
oscar-cp,oscar.cp.examples.hakank,Strimko,36,0,0,0,0,0,11,0,11,0
oscar-cp,oscar.cp.examples.hakank,Tomography,60,0,0,0,0,0,19,0,19,0
oscar-cp,oscar.cp.examples.hakank,Fancy,59,0,0,0,0,0,19,0,19,0
oscar-cp,oscar.cp.examples,BACP.,341,0,0,0,27,0,33,0,33,0
oscar-cp,oscar.cp.examples,Steel,75,0,0,0,0,0,24,0,24,0
oscar-cp,oscar.cp.examples,DivisibleBy9Through1.,223,0,0,0,14,0,19,0,19,0
oscar-cp,oscar.cp.examples,ATSP.,362,0,4,0,21,0,27,0,25,0
oscar-cp,oscar.cp.examples,PatientTransportationProblem,137,0,0,0,0,0,45,0,45,0
oscar-cp,oscar.cp.examples,CookieMonster.,274,0,0,0,20,0,22,0,22,0
oscar-cp,oscar.cp.examples,LongestPath,73,0,0,0,0,0,23,0,23,0
oscar-cp,oscar.cp.examples,PMedian.,347,0,0,0,30,0,33,0,33,0
oscar-cp,oscar.cp.examples,Dudeney.,192,0,0,0,12,0,16,0,16,0
oscar-cp,oscar.cp.examples,ParcelShipment,51,0,0,0,0,0,16,0,16,0
oscar-cp,oscar.cp.examples,PArea.,338,0,0,0,28,0,32,0,32,0
oscar-cp,oscar.cp.examples,DiagramExample,20,0,0,0,0,0,6,0,6,0
oscar-cp,oscar.cp.examples,ATSP,39,0,0,0,0,0,12,0,12,0
oscar-cp,oscar.cp.examples,CookieMonster,39,0,0,0,0,0,12,0,12,0
oscar-cp,oscar.cp.examples,ExampleTable,38,0,0,0,0,0,12,0,12,0
oscar-cp,oscar.cp.examples,QuadraticAssignment.,258,0,4,0,21,0,26,0,24,0
oscar-cp,oscar.cp.examples,DiagramExample.,246,0,0,0,13,0,14,0,14,0
oscar-cp,oscar.cp.examples,MurderMystery.,636,0,8,0,27,0,33,0,29,0
oscar-cp,oscar.cp.examples,StableMariage.,453,0,0,0,29,0,21,0,21,0
oscar-cp,oscar.cp.examples,MagicSequence.,155,0,2,0,13,0,16,0,15,0
oscar-cp,oscar.cp.examples,StableMariage,38,0,0,0,0,0,12,0,12,0
oscar-cp,oscar.cp.examples,TabNotEqual,224,0,14,0,16,0,17,0,10,0
oscar-cp,oscar.cp.examples,Hexiom,78,0,0,0,0,0,24,0,24,0
oscar-cp,oscar.cp.examples,ConnectedGraph.,1214,0,8,0,33,0,26,0,22,0
oscar-cp,oscar.cp.examples,Cubes,39,0,0,0,0,0,12,0,12,0
oscar-cp,oscar.cp.examples,ElectricityMarket.Order,78,0,4,0,9,0,12,0,10,0
oscar-cp,oscar.cp.examples,SportScheduling.,297,0,2,0,38,0,30,0,29,0
oscar-cp,oscar.cp.examples,ProductMatrixTSP,14,0,0,0,0,0,4,0,4,0
oscar-cp,oscar.cp.examples,ProductMatrixTSP.,485,0,4,0,38,0,21,0,19,0
oscar-cp,oscar.cp.examples,GardnerSumSquare.,524,0,0,0,31,0,25,0,25,0
oscar-cp,oscar.cp.examples,PMedian,72,0,0,0,0,0,23,0,23,0
oscar-cp,oscar.cp.examples,Steel.,549,0,10,0,48,0,43,0,38,0
oscar-cp,oscar.cp.examples,QuadraticAssignment,47,0,0,0,0,0,14,0,14,0
oscar-cp,oscar.cp.examples,VRPTWParser.,362,0,8,0,56,0,9,0,5,0
oscar-cp,oscar.cp.examples,ResourceAssignment,44,0,0,0,0,0,14,0,14,0
oscar-cp,oscar.cp.examples,Binero,44,0,0,0,0,0,14,0,14,0
oscar-cp,oscar.cp.examples,ConnectedGraphConstraint2,108,0,0,0,7,0,9,0,9,0
oscar-cp,oscar.cp.examples,PrimeLooking.,178,0,0,0,11,0,15,0,15,0
oscar-cp,oscar.cp.examples,Eternity,56,0,0,0,0,0,18,0,18,0
oscar-cp,oscar.cp.examples,KnightTour.,236,0,0,0,19,0,17,0,17,0
oscar-cp,oscar.cp.examples,VRPTW,92,0,0,0,0,0,30,0,30,0
oscar-cp,oscar.cp.examples,ParcelShipment.,821,0,4,0,43,0,27,0,25,0
oscar-cp,oscar.cp.examples,BACP.ValueHeuristicLearner,63,0,2,0,8,0,5,0,4,0
oscar-cp,oscar.cp.examples,RCPSP,50,0,0,0,0,0,16,0,16,0
oscar-cp,oscar.cp.examples,GuessTheNumber,20,0,0,0,0,0,6,0,6,0
oscar-cp,oscar.cp.examples,MurderMystery,59,0,0,0,0,0,19,0,19,0
oscar-cp,oscar.cp.examples,Cubes.,238,0,4,0,20,0,23,0,21,0
oscar-cp,oscar.cp.examples,GuessTheNumber.,125,0,0,0,9,0,13,0,13,0
oscar-cp,oscar.cp.examples,AudreyProblem.,253,0,10,0,12,0,19,0,14,0
oscar-cp,oscar.cp.examples,Queens.,165,0,0,0,12,0,18,0,18,0
oscar-cp,oscar.cp.examples,SportScheduling,64,0,0,0,0,0,20,0,20,0
oscar-cp,oscar.cp.examples,Euler.,192,0,0,0,13,0,14,0,14,0
oscar-cp,oscar.cp.examples,VRPTWParser,8,0,0,0,0,0,2,0,2,0
oscar-cp,oscar.cp.examples,LostAtSeaCircuit.,610,0,2,0,28,0,23,0,22,0
oscar-cp,oscar.cp.examples,Queens,32,0,0,0,0,0,10,0,10,0
oscar-cp,oscar.cp.examples,MLA.,390,0,10,0,32,0,21,0,16,0
oscar-cp,oscar.cp.examples,QuadraticAssignmentLNS,54,0,0,0,0,0,16,0,16,0
oscar-cp,oscar.cp.examples,Hexiom.,564,0,10,0,35,0,43,0,38,0
oscar-cp,oscar.cp.examples,PrimeLooking,29,0,0,0,0,0,9,0,9,0
oscar-cp,oscar.cp.examples,MagicSequence,23,0,0,0,0,0,7,0,7,0
oscar-cp,oscar.cp.examples,MagicModuloNumber,20,0,0,0,0,0,6,0,6,0
oscar-cp,oscar.cp.examples,LargeScaleGreedyCumulative,53,0,0,0,0,0,17,0,17,0
oscar-cp,oscar.cp.examples,Nurses.,643,0,14,0,57,0,41,0,34,0
oscar-cp,oscar.cp.examples,EuroDecisionChistmas,35,0,0,0,0,0,11,0,11,0
oscar-cp,oscar.cp.examples,AudreyProblem,21,0,0,0,0,0,6,0,6,0
oscar-cp,oscar.cp.examples,Rack.ModelType.,40,0,0,0,1,0,7,0,7,0
oscar-cp,oscar.cp.examples,RCPSP.,347,0,0,0,23,0,23,0,23,0
oscar-cp,oscar.cp.examples,MLA,4,0,0,0,0,0,1,0,1,0
oscar-cp,oscar.cp.examples,GardnerSumSquare,56,0,0,0,0,0,18,0,18,0
oscar-cp,oscar.cp.examples,GardnerTwoPlusTwo,38,0,0,0,0,0,12,0,12,0
oscar-cp,oscar.cp.examples,Rack,68,0,0,0,0,0,22,0,22,0
oscar-cp,oscar.cp.examples,ResourceAssignment.,529,0,0,0,21,0,23,0,23,0
oscar-cp,oscar.cp.examples,QueensReplay.,147,0,0,0,19,0,8,0,8,0
oscar-cp,oscar.cp.examples,LongestPath.,312,0,0,0,27,0,31,0,31,0
oscar-cp,oscar.cp.examples,Domino.,599,0,14,0,30,0,35,0,28,0
oscar-cp,oscar.cp.examples,Debug,34,0,0,0,0,0,10,0,10,0
oscar-cp,oscar.cp.examples,Nurses,4,0,0,0,0,0,1,0,1,0
oscar-cp,oscar.cp.examples,VRPTW.,459,0,0,0,45,0,41,0,41,0
oscar-cp,oscar.cp.examples,MagicModuloNumber.,105,0,0,0,7,0,13,0,13,0
oscar-cp,oscar.cp.examples,PArea,60,0,0,0,0,0,19,0,19,0
oscar-cp,oscar.cp.examples,FreqAssignment.,2892,0,0,0,41,0,17,0,17,0
oscar-cp,oscar.cp.examples,DivisibleBy9Through1,29,0,0,0,0,0,9,0,9,0
oscar-cp,oscar.cp.examples,MagicNumber,32,0,0,0,0,0,10,0,10,0
oscar-cp,oscar.cp.examples,ElectricityMarket,54,0,0,0,0,0,17,0,17,0
oscar-cp,oscar.cp.examples,VRPTWInstance,101,0,0,0,15,0,15,0,15,0
oscar-cp,oscar.cp.examples,ElectricityMarket.,396,0,6,0,28,0,41,0,38,0
oscar-cp,oscar.cp.examples,Rack.,348,0,0,0,28,0,30,0,30,0
oscar-cp,oscar.cp.examples,KnightTour,37,0,0,0,0,0,9,0,9,0
oscar-cp,oscar.cp.examples,LargeScaleGreedyCumulative.,231,0,0,0,20,0,26,0,26,0
oscar-cp,oscar.cp.examples,QuadraticAssignmentLNS.,322,0,6,0,28,0,32,0,29,0
oscar-cp,oscar.cp.examples,Rack.ModelType,177,0,22,0,1,0,35,0,22,0
oscar-cp,oscar.cp.examples,MagicNumber.,353,0,0,0,24,0,18,0,18,0
oscar-cp,oscar.cp.examples,EuroDecisionChistmas.,262,0,0,0,15,0,19,0,19,0
oscar-cp,oscar.cp.examples,PatientTransportationProblem.,2484,0,6,0,79,0,59,0,56,0
oscar-cp,oscar.cp.examples,Dudeney,29,0,0,0,0,0,9,0,9,0
oscar-cp,oscar.cp.examples,Rack.CardType.,35,0,0,0,1,0,7,0,7,0
oscar-cp,oscar.cp.examples,Eternity.,507,0,0,0,35,0,31,0,31,0
oscar-cp,oscar.cp.examples,BACP,74,0,0,0,0,0,23,0,23,0
oscar-cp,oscar.cp.examples,Rack.CardType,155,0,20,0,1,0,29,0,19,0
oscar-cp,oscar.cp.examples,ConnectedGraph,35,0,0,0,0,0,11,0,11,0
oscar-cp,oscar.cp.examples,ExampleTable.,737,0,0,0,41,0,19,0,19,0
oscar-cp,oscar.cp.examples,FreqAssignment,32,0,0,0,0,0,10,0,10,0
oscar-cp,oscar.cp.examples,Domino,73,0,0,0,0,0,19,0,19,0
oscar-cp,oscar.cp.examples,GardnerTwoPlusTwo.,300,0,0,0,18,0,19,0,19,0
oscar-cp,oscar.cp.examples,Euler,27,0,0,0,0,0,8,0,8,0
oscar-cp,oscar.cp.examples,Binero.,251,0,2,0,20,0,22,0,21,0
oscar-cp,oscar.cp.examples,LostAtSeaCircuit,40,0,0,0,0,0,12,0,12,0
oscar-cp,oscar.cp.examples,Debug.,182,0,0,0,13,0,18,0,18,0
oscar-cp,oscar.cp.examples,QueensReplay,4,0,0,0,0,0,1,0,1,0
oscar-cp,oscar.algo.branchings,BinarySetBranching,0,44,0,2,0,5,0,5,0,4
oscar-cp,oscar.algo.branchings,MaxSelectionBranching,141,0,16,0,27,0,12,0,4,0
oscar-cp,oscar.algo.branchings,NaryStaticOrderBranching,89,0,6,0,11,0,5,0,2,0
oscar-cp,oscar.algo.branchings,BinaryBranching,4,213,0,16,0,39,1,14,1,6
oscar-cp,oscar.algo.branchings,ConflictOrderingSearch,8,375,1,25,0,66,2,24,1,12
oscar-cp,oscar.algo.branchings,BinaryABS,314,0,18,0,33,0,23,0,14,0
oscar-cp,oscar.algo.branchings,IncrementalStatistics,115,0,2,0,17,0,7,0,6,0
oscar-cp,oscar.algo.branchings,SingletonBounds,109,0,4,0,14,0,16,0,14,0
oscar-cp,oscar.algo.branchings,LCSearchSimplePhaseAssign,348,0,30,0,56,0,25,0,10,0
oscar-cp,oscar.algo.branchings,SplitLastConflict.,5,7,0,0,0,1,1,2,1,2
oscar-cp,oscar.algo.branchings,BinaryStaticOrderBranching,9,95,0,6,1,12,2,5,2,2
oscar-cp,oscar.algo.branchings,ShavingDomain,100,0,6,0,12,0,15,0,12,0
oscar-cp,oscar.algo.branchings,MaxSelectionBranching.,16,0,0,0,3,0,3,0,3,0
oscar-cp,oscar.algo.branchings,ShavingDomain.,15,0,0,0,2,0,3,0,3,0
oscar-cp,oscar.algo.branchings,BinaryABS.,14,0,0,0,1,0,4,0,4,0
oscar-cp,oscar.algo.branchings,BinaryLastConflict,284,0,20,0,47,0,20,0,10,0
oscar-cp,oscar.algo.branchings,BinaryDomainSplitBranching,0,65,0,2,0,7,0,5,0,4
oscar-cp,oscar.algo.branchings,ShavingBounds,128,0,6,0,14,0,16,0,13,0
oscar-cp,oscar.algo.branchings,SplitLastConflict,163,287,14,18,13,54,15,14,4,9
oscar-cp,oscar.algo.branchings,SingletonBounds.,15,0,0,0,2,0,3,0,3,0
oscar-cp,oscar.algo.branchings,ShavingBounds.,15,0,0,0,2,0,3,0,3,0
oscar-cp,oscar.algo.branchings,ConflictOrderingSearch.,18,0,0,0,3,0,3,0,3,0
oscar-cp,oscar.algo.array,ArrayQueue,174,225,16,12,26,42,17,13,7,9
oscar-cp,oscar.algo.array,ArraySet,332,0,34,0,47,0,27,0,10,0
oscar-cp,oscar.algo.array,ArrayMap,131,253,24,10,13,41,20,7,3,7
oscar-cp,oscar.algo.array,ArrayStack.,12,0,0,0,1,0,3,0,3,0
oscar-cp,oscar.algo.array,ArrayHeapDouble,132,305,16,26,17,54,18,18,6,9
oscar-cp,oscar.algo.array,ArrayHeap,261,0,20,0,43,0,22,0,12,0
oscar-cp,oscar.algo.array,ArrayHeapInt,107,325,12,30,12,59,12,24,3,12
oscar-cp,oscar.algo.array,ArrayQueue.,12,0,0,0,1,0,3,0,3,0
oscar-cp,oscar.algo.array,ArrayStack,101,97,11,5,17,17,14,11,8,9
oscar-cp,oscar.algo.array,ArrayStackInt,110,71,10,4,18,13,15,8,9,7
oscar-cp,oscar.algo.array,ArrayStackInt.,12,0,0,0,1,0,3,0,3,0
oscar-cp,oscar.cp.scheduling,package,15,0,0,0,0,0,2,0,2,0
oscar-cp,oscar.cp.scheduling,package.,70,0,0,0,12,0,4,0,4,0
oscar-cp,oscar.cp.scheduling.precedencegraph.nogoods,NoGood,10,14,0,0,1,2,3,1,3,1
oscar-cp,oscar.cp.scheduling.precedencegraph.nogoods,NoGoodBase,37,195,0,22,6,32,2,15,2,4
oscar-cp,oscar.cp.scheduling.precedencegraph.nogoods,NoGoodManager,13,0,0,0,2,0,2,0,2,0
oscar-cp,oscar.cp.scheduling.precedencegraph.nogoods,NoGoodWithWatchedLiterals,21,44,0,0,2,4,3,6,3,6
oscar-cp,oscar.cp.scheduling.precedencegraph.nogoods,PrecedenceLiteralWatcher,8,58,1,5,1,5,2,10,1,8
oscar-cp,oscar.cp.scheduling.precedencegraph.nogoods,NoGoodRecorder,0,139,1,7,0,19,1,8,0,5
oscar-cp,oscar.cp.scheduling.precedencegraph.nogoods,PrecedenceLiteral,0,21,0,0,0,1,0,4,0,4
oscar-cp,oscar.cp.constraints.mdd,StaticMddEdge.,5,13,0,0,1,3,1,2,1,2
oscar-cp,oscar.cp.constraints.mdd,MddKnapsack.,5,170,0,4,1,16,1,4,1,2
oscar-cp,oscar.cp.constraints.mdd,StaticMddNode.,5,13,0,0,1,3,1,2,1,2
oscar-cp,oscar.cp.constraints.mdd,StaticMddImpl..anon.new Comparator() {...},47,0,8,0,8,0,6,0,2,0
oscar-cp,oscar.cp.constraints.mdd,StaticMddImpl,268,952,35,67,54,157,29,55,4,29
oscar-cp,oscar.cp.constraints.mdd,StaticMddSplittedNode,44,0,2,0,9,0,5,0,4,0
oscar-cp,oscar.cp.constraints.mdd,StaticMdd.,24,534,1,23,5,87,3,21,2,10
oscar-cp,oscar.cp.constraints.mdd,Mdd4RConstraint,49,1571,7,115,9,286,7,63,1,8
oscar-cp,oscar.cp.constraints.mdd,StaticMddNode,5,180,1,7,1,35,2,22,1,19
oscar-cp,oscar.cp.constraints.mdd,StaticMddEdge,24,65,4,4,4,10,4,9,2,7
oscar-cp,oscar.cp.constraints.mdd,StaticMddConstraint,3,0,0,0,1,0,1,0,1,0
oscar-cp,oscar.cp.constraints.mdd,GlobalNode,0,45,0,6,0,8,0,8,0,5
oscar-cp,oscar.cp.constraints.mdd,MddKnapsack,6,0,0,0,0,0,1,0,1,0
oscar-cp,oscar.cp.constraints.mdd,ReversibleMddNode,0,253,0,12,0,37,0,22,0,16
oscar-cp,oscar.cp.constraints.mdd,Mdd4Constraint,15,375,1,25,3,60,4,19,3,7
oscar-cp,oscar.cp.constraints.mdd,ReversibleMddEdge,0,33,0,0,0,1,0,6,0,6
oscar-cp,oscar.cp.constraints.mdd,StaticMdd,28,3,0,0,1,1,6,1,6,1
oscar-cp,oscar.cp.constraints,Count,37,492,2,30,3,65,3,35,1,21
oscar-cp,oscar.cp.constraints,NestedGCCDecompFWC,26,743,7,41,6,87,11,36,4,19
oscar-cp,oscar.cp.constraints,ReversibleDoublyLinkedList,342,0,20,0,34,0,20,0,10,0
oscar-cp,oscar.cp.constraints,UnaryResourceWithTransitionTimes,65,1857,12,100,10,239,13,70,1,26
oscar-cp,oscar.cp.constraints,BinaryAnd,137,0,16,0,19,0,15,0,7,0
oscar-cp,oscar.cp.constraints,GraphBipartite,16,301,1,7,2,38,2,18,1,15
oscar-cp,oscar.cp.constraints,Garded,90,0,18,0,10,0,16,0,7,0
oscar-cp,oscar.cp.constraints,AllDiffExceptFWC,149,0,12,0,30,0,11,0,5,0
oscar-cp,oscar.cp.constraints,GCCUpperBC,40,1117,2,62,5,172,3,48,1,18
oscar-cp,oscar.cp.constraints,DiffVal,11,18,0,0,1,2,1,2,1,2
oscar-cp,oscar.cp.constraints,DiffVar,41,52,4,4,6,11,5,4,1,4
oscar-cp,oscar.cp.constraints,GCC,10,141,1,7,2,9,2,5,1,2
oscar-cp,oscar.cp.constraints,CCTreeNode,10,89,0,6,3,8,1,20,1,17
oscar-cp,oscar.cp.constraints,CPObjectiveGeometricMinimize.,14,0,0,0,1,0,4,0,4,0
oscar-cp,oscar.cp.constraints,UnaryResourceWithTransitionTimesAndFamilies,232,2198,34,110,30,248,29,116,3,70
oscar-cp,oscar.cp.constraints,InSetReif,34,337,7,35,2,47,8,29,1,15
oscar-cp,oscar.cp.constraints,BinaryClause,19,60,0,8,1,14,2,7,2,3
oscar-cp,oscar.cp.constraints,BinaryKnapsack.,5,7,0,0,0,1,1,2,1,2
oscar-cp,oscar.cp.constraints,DiffReif,45,114,8,12,6,21,8,11,2,7
oscar-cp,oscar.cp.constraints,ReservoirResource.,20,28,0,0,3,2,3,3,3,3
oscar-cp,oscar.cp.constraints,FlowType.,27,0,4,0,2,0,5,0,3,0
oscar-cp,oscar.cp.constraints,GCCFWC,6,557,5,57,1,118,6,32,1,6
oscar-cp,oscar.cp.constraints,BinPackingFlow,31,300,3,15,2,38,4,15,1,9
oscar-cp,oscar.cp.constraints,CPObjective,52,56,2,0,6,8,11,9,10,9
oscar-cp,oscar.cp.constraints,CPObjectiveGeometricMaximize.,14,0,0,0,1,0,4,0,4,0
oscar-cp,oscar.cp.constraints,Regular,19,93,0,0,1,10,1,3,1,3
oscar-cp,oscar.cp.constraints,FlowType,4,0,0,0,0,0,1,0,1,0
oscar-cp,oscar.cp.constraints,GraphPath.Node.3.,22,16,1,1,0,1,4,2,3,2
oscar-cp,oscar.cp.constraints,MinAssignment,46,796,2,38,3,123,5,37,3,19
oscar-cp,oscar.cp.constraints,CPObjectiveUnitMaximize.,5,7,0,0,0,1,1,2,1,2
oscar-cp,oscar.cp.constraints,AllDifferentExcept,235,0,12,0,24,0,15,0,9,0
oscar-cp,oscar.cp.constraints,SubCircuit.,24,18,1,1,1,3,3,3,2,3
oscar-cp,oscar.cp.constraints,AsymetricHeldKarp,52,0,0,0,4,0,5,0,5,0
oscar-cp,oscar.cp.constraints,ExcludesNode,11,21,0,0,1,2,1,3,1,3
oscar-cp,oscar.cp.constraints,MulVar,187,399,12,24,14,46,10,17,1,8
oscar-cp,oscar.cp.constraints,ElementCst2D.,5,68,0,2,1,9,1,4,1,3
oscar-cp,oscar.cp.constraints,GraphUndirectedConnected,27,515,6,30,2,61,7,33,1,21
oscar-cp,oscar.cp.constraints,Inverse,24,259,2,24,2,44,3,19,1,8
oscar-cp,oscar.cp.constraints,UnaryResourceVilim.,17,0,0,0,3,0,3,0,3,0
oscar-cp,oscar.cp.constraints,ModuloLHS.,21,11,0,0,0,1,4,2,4,2
oscar-cp,oscar.cp.constraints,MinCircuit,231,0,8,0,16,0,14,0,10,0
oscar-cp,oscar.cp.constraints,NotAllEqual,153,0,14,0,24,0,16,0,9,0
oscar-cp,oscar.cp.constraints,PartialInverse,244,0,26,0,39,0,22,0,9,0
oscar-cp,oscar.cp.constraints,LexLeq,418,336,65,21,38,42,43,12,3,9
oscar-cp,oscar.cp.constraints,EqVal,9,24,0,0,1,2,1,4,1,4
oscar-cp,oscar.cp.constraints,GraphPath.Node.new Ordered() {...},133,34,21,1,0,2,24,4,13,4
oscar-cp,oscar.cp.constraints,GraphPath.Node.new Ordered() {...},133,34,21,1,0,2,24,4,13,4
oscar-cp,oscar.cp.constraints,CPObjectiveUnitMinimize.,5,7,0,0,0,1,1,2,1,2
oscar-cp,oscar.cp.constraints,FlowType.OF.,34,8,0,0,0,1,8,2,8,2
oscar-cp,oscar.cp.constraints,HeldKarp,101,579,4,16,9,66,10,21,6,15
oscar-cp,oscar.cp.constraints,Automaton,37,135,12,12,6,22,13,13,1,13
oscar-cp,oscar.cp.constraints,WatcherKnapsack,0,49,0,4,0,6,0,4,0,2
oscar-cp,oscar.cp.constraints,GCCVar,22,104,1,7,2,10,2,7,1,4
oscar-cp,oscar.cp.constraints,Maximum,13,174,0,10,1,23,1,12,1,7
oscar-cp,oscar.cp.constraints,SumLeEq,114,0,4,0,15,0,9,0,7,0
oscar-cp,oscar.cp.constraints,AtLeastNValue,24,35,1,1,2,3,2,4,1,4
oscar-cp,oscar.cp.constraints,UnaryRank,29,331,0,6,1,35,1,20,1,17
oscar-cp,oscar.cp.constraints,Arborescence,166,0,4,0,21,0,8,0,6,0
oscar-cp,oscar.cp.constraints,CPObjectiveUnit,75,105,10,6,7,14,16,15,10,13
oscar-cp,oscar.cp.constraints,LightBinaryKnapsack,23,380,1,25,1,68,2,17,1,5
oscar-cp,oscar.cp.constraints,MemberReif,32,239,3,35,1,50,4,26,1,10
oscar-cp,oscar.cp.constraints,PrefixCCEmbedded,1377,0,98,0,198,0,78,0,29,0
oscar-cp,oscar.cp.constraints,SetCard,20,106,2,6,1,17,3,7,1,5
oscar-cp,oscar.cp.constraints,AllDiffBC,27,987,2,72,3,164,4,51,2,16
oscar-cp,oscar.cp.constraints,Or,245,355,49,49,33,50,30,32,2,11
oscar-cp,oscar.cp.constraints,ElementVarBC,28,203,0,14,1,46,1,13,1,6
oscar-cp,oscar.cp.constraints,AllDiffAC,9,32,0,0,1,3,1,3,1,3
oscar-cp,oscar.cp.constraints,Deviation,176,740,19,57,19,93,17,38,3,14
oscar-cp,oscar.cp.constraints,ElementVarAC,589,0,36,0,70,0,36,0,18,0
oscar-cp,oscar.cp.constraints,NestedGCCFWC.TempList,0,66,0,0,0,6,0,8,0,8
oscar-cp,oscar.cp.constraints,NestedGCCFWC.TempStructure,0,36,0,0,0,4,0,7,0,7
oscar-cp,oscar.cp.constraints,CCTree,18,231,4,18,0,35,4,18,0,11
oscar-cp,oscar.cp.constraints,OrReif,42,261,1,23,3,37,3,20,2,9
oscar-cp,oscar.cp.constraints,ElementCst,96,233,10,12,13,29,10,11,3,7
oscar-cp,oscar.cp.constraints,Modulo,33,308,10,34,1,39,11,19,1,7
oscar-cp,oscar.cp.constraints,Abs,14,221,0,20,1,37,1,16,1,6
oscar-cp,oscar.cp.constraints,CountingBasedAllDifferent,5,713,1,37,1,113,2,33,1,15
oscar-cp,oscar.cp.constraints,Le,14,52,0,2,1,6,1,6,1,5
oscar-cp,oscar.cp.constraints,Sequence,45,143,6,6,1,15,7,7,1,7
oscar-cp,oscar.cp.constraints,ChannelTSP,19,304,3,5,1,20,5,13,2,12
oscar-cp,oscar.cp.constraints,AllDiffBC.Interval,10,48,1,1,0,2,2,9,1,9
oscar-cp,oscar.cp.constraints,GraphPath,79,1617,16,80,2,173,20,102,4,70
oscar-cp,oscar.cp.constraints,ElementVarAC3.ElementEq,27,138,0,10,1,21,1,9,1,4
oscar-cp,oscar.cp.constraints,ParetoConstraint.,17,0,0,0,2,0,3,0,3,0
oscar-cp,oscar.cp.constraints,GrEqVarReif,24,163,4,16,2,26,5,13,1,7
oscar-cp,oscar.cp.constraints,AtMostNValue,212,287,30,12,35,40,18,10,2,5
oscar-cp,oscar.cp.constraints,GCCUpperBC.Interval,10,105,1,1,0,10,2,15,1,15
oscar-cp,oscar.cp.constraints,And,53,166,3,11,4,24,3,13,1,8
oscar-cp,oscar.cp.constraints,CPObjectiveGeometric,61,0,4,0,5,0,6,0,4,0
oscar-cp,oscar.cp.constraints,SetEq,16,93,0,0,1,13,1,6,1,6
oscar-cp,oscar.cp.constraints,SetDiff,22,174,3,15,1,21,4,14,1,8
oscar-cp,oscar.cp.constraints,Gr,14,83,0,8,1,12,1,10,1,6
oscar-cp,oscar.cp.constraints,RequiresEdge,11,26,0,0,1,2,1,3,1,3
oscar-cp,oscar.cp.constraints,CPObjectiveUnit.,12,0,0,0,1,0,3,0,3,0
oscar-cp,oscar.cp.constraints,CPObjectiveGeometricMaximize,78,0,0,0,13,0,14,0,14,0
oscar-cp,oscar.cp.constraints,GraphComplement,16,108,0,0,1,20,1,5,1,5
oscar-cp,oscar.cp.constraints,EqReif,16,84,0,10,1,19,1,8,1,3
oscar-cp,oscar.cp.constraints,Eq,62,39,7,5,4,4,7,3,2,2
oscar-cp,oscar.cp.constraints,PrefixCCEmbedded.BoundsStructure,90,0,2,0,8,0,13,0,12,0
oscar-cp,oscar.cp.constraints,RequiresNode,11,21,0,0,1,2,1,3,1,3
oscar-cp,oscar.cp.constraints,CPObjectiveLexicographic,188,0,14,0,20,0,17,0,10,0
oscar-cp,oscar.cp.constraints,AtLeastNValueAC.,5,7,0,0,1,1,1,1,1,1
oscar-cp,oscar.cp.constraints,StackOfStackInt,70,133,8,8,9,21,10,8,3,7
oscar-cp,oscar.cp.constraints,WeightedSum,132,372,9,15,10,41,11,13,2,10
oscar-cp,oscar.cp.constraints,SequenceDecomposition,38,185,7,7,1,15,8,8,1,8
oscar-cp,oscar.cp.constraints,BinPacking,19,93,0,0,1,7,1,5,1,5
oscar-cp,oscar.cp.constraints,CountSimple,359,0,28,0,53,0,28,0,14,0
oscar-cp,oscar.cp.constraints,BinaryKnapsack,48,675,5,37,3,91,8,28,3,12
oscar-cp,oscar.cp.constraints,ReservoirResource,79,306,0,0,1,26,4,2,4,2
oscar-cp,oscar.cp.constraints,BinaryOr,21,116,0,16,1,20,1,14,1,6
oscar-cp,oscar.cp.constraints,BinaryKnapsackWithCardinality,232,0,16,0,30,0,17,0,9,0
oscar-cp,oscar.cp.constraints,AtLeastNValueAC,79,892,23,49,11,124,19,40,4,19
oscar-cp,oscar.cp.constraints,ElementCst..anon.new Comparator() {...},4,24,1,1,0,2,1,2,0,2
oscar-cp,oscar.cp.constraints,Sum,23,312,1,27,1,71,2,17,1,4
oscar-cp,oscar.cp.constraints,SoftGCCFWC,106,664,15,47,14,128,13,27,1,8
oscar-cp,oscar.cp.constraints,AtLeastNValueFWC,14,294,1,11,1,41,2,13,1,8
oscar-cp,oscar.cp.constraints,MinCircuit.,12,0,0,0,1,0,3,0,3,0
oscar-cp,oscar.cp.constraints,GrEqCteReif,19,101,1,9,2,18,2,11,1,7
oscar-cp,oscar.cp.constraints,MulCteRes,151,270,12,22,14,37,12,13,1,7
oscar-cp,oscar.cp.constraints,PrefixCCEmbedded.FWCStructure,80,0,6,0,9,0,10,0,7,0
oscar-cp,oscar.cp.constraints,ResourceCostAllDifferent,1261,0,98,0,182,0,74,0,25,0
oscar-cp,oscar.cp.constraints,ModuloLHS,149,23,20,0,1,2,27,4,17,4
oscar-cp,oscar.cp.constraints,ParetoConstraint,12,122,1,3,1,14,3,9,2,8
oscar-cp,oscar.cp.constraints,InducedSubGraph,16,80,0,2,1,14,1,6,1,5
oscar-cp,oscar.cp.constraints,StockingCost,48,680,2,40,3,92,4,54,2,35
oscar-cp,oscar.cp.constraints,AlternativeActivities,168,0,4,0,10,0,7,0,5,0
oscar-cp,oscar.cp.constraints,LeEqCteReif,19,101,1,9,2,18,2,11,1,7
oscar-cp,oscar.cp.constraints,Channel,186,0,18,0,31,0,14,0,5,0
oscar-cp,oscar.cp.constraints,SoftGCCAC,257,1884,58,124,40,313,39,81,5,24
oscar-cp,oscar.cp.constraints,GraphStronglyConnected,26,463,5,31,2,59,6,34,1,21
oscar-cp,oscar.cp.constraints,IntDivisionAC,18,207,2,30,1,43,3,22,1,8
oscar-cp,oscar.cp.constraints,AllDiffFWC,5,135,0,10,1,28,1,9,1,4
oscar-cp,oscar.cp.constraints,CPObjectiveUnitMinimize,32,22,0,0,7,4,10,4,10,4
oscar-cp,oscar.cp.constraints,GraphSimplePath,697,0,44,0,84,0,64,0,42,0
oscar-cp,oscar.cp.constraints,GCCUpperBC.PartialSum,10,183,1,5,0,18,3,9,2,7
oscar-cp,oscar.cp.constraints,Knapsack.,5,7,0,0,0,1,1,2,1,2
oscar-cp,oscar.cp.constraints,ElementVarAC3,27,480,0,32,1,62,1,26,1,10
oscar-cp,oscar.cp.constraints,GrEq,14,79,0,8,1,12,1,10,1,6
oscar-cp,oscar.cp.constraints,NestedGCCFWC,312,1674,42,116,45,249,31,84,2,34
oscar-cp,oscar.cp.constraints,BinarySum,21,216,0,32,1,50,1,22,1,6
oscar-cp,oscar.cp.constraints,GCCVarFWC,22,747,6,72,3,166,7,41,1,8
oscar-cp,oscar.cp.constraints,CPObjectiveGeometricMinimize,78,0,0,0,13,0,14,0,14,0
oscar-cp,oscar.cp.constraints,NestedGCC,41,0,0,0,4,0,3,0,3,0
oscar-cp,oscar.cp.constraints,ElementVar,27,60,0,2,1,6,1,6,1,5
oscar-cp,oscar.cp.constraints,Permutation,22,119,1,3,1,11,2,5,1,4
oscar-cp,oscar.cp.constraints,SoftGCC,88,0,2,0,6,0,4,0,3,0
oscar-cp,oscar.cp.constraints,GCCVarAC,31,1774,11,113,1,266,12,137,1,86
oscar-cp,oscar.cp.constraints,Spread,40,1139,4,32,2,90,6,50,2,36
oscar-cp,oscar.cp.constraints,Spread.,5,7,0,0,0,1,1,2,1,2
oscar-cp,oscar.cp.constraints,EqualityBC,16,125,0,14,1,27,1,11,1,4
oscar-cp,oscar.cp.constraints,IDStockingCost,67,875,6,40,1,112,11,45,5,28
oscar-cp,oscar.cp.constraints,EqReifBC,125,0,14,0,24,0,11,0,4,0
oscar-cp,oscar.cp.constraints,NestedGCCFWC.UnboundList,0,35,0,0,0,4,0,7,0,7
oscar-cp,oscar.cp.constraints,Among,28,289,2,8,2,25,3,16,1,13
oscar-cp,oscar.cp.constraints,MulCte,14,140,0,6,1,15,1,9,1,6
oscar-cp,oscar.cp.constraints,GraphSymmetric,11,26,0,0,1,4,1,4,1,4
oscar-cp,oscar.cp.constraints,FlowType.UF.,34,8,0,0,0,1,8,2,8,2
oscar-cp,oscar.cp.constraints,DiffReifVar,154,88,18,8,29,12,13,8,2,6
oscar-cp,oscar.cp.constraints,EqualityDC,187,0,16,0,33,0,15,0,7,0
oscar-cp,oscar.cp.constraints,WeightedSumReif,240,0,16,0,18,0,18,0,10,0
oscar-cp,oscar.cp.constraints,LeEq,14,39,0,0,1,3,1,5,1,5
oscar-cp,oscar.cp.constraints,Stretch.,10,188,1,1,2,26,2,3,1,3
oscar-cp,oscar.cp.constraints,GCCBinPacking,99,1692,32,120,7,253,31,82,1,36
oscar-cp,oscar.cp.constraints,GraphPath.Node.6.,22,16,1,1,0,1,4,2,3,2
oscar-cp,oscar.cp.constraints,SoftAllDifferent,95,0,6,0,8,0,6,0,3,0
oscar-cp,oscar.cp.constraints,Minimum,14,181,2,8,1,25,3,10,1,7
oscar-cp,oscar.cp.constraints,EqualityFC,63,0,4,0,10,0,6,0,4,0
oscar-cp,oscar.cp.constraints,EqReifVar,29,222,3,25,3,40,4,18,1,7
oscar-cp,oscar.cp.constraints,EqCons,11,18,0,0,1,2,1,2,1,2
oscar-cp,oscar.cp.constraints,BinPackingFlowExtended,48,663,3,21,3,52,5,39,2,30
oscar-cp,oscar.cp.constraints,AlternativeActivities.,21,0,0,0,3,0,3,0,3,0
oscar-cp,oscar.cp.constraints,Div,264,0,28,0,30,0,22,0,8,0
oscar-cp,oscar.cp.constraints,SubCircuit,18,450,4,28,2,64,8,18,4,6
oscar-cp,oscar.cp.constraints,Path,126,0,0,0,7,0,5,0,5,0
oscar-cp,oscar.cp.constraints,ExcludesEdge,11,26,0,0,1,2,1,3,1,3
oscar-cp,oscar.cp.constraints,GraphWeaklyConnected,11,38,0,0,1,4,1,3,1,3
oscar-cp,oscar.cp.constraints,CountCst,177,0,18,0,34,0,17,0,8,0
oscar-cp,oscar.cp.constraints,NestedGCCFWC.SegmentStructure,4,130,1,1,0,12,1,21,0,21
oscar-cp,oscar.cp.constraints,UnaryResourceVilim,1308,0,64,0,168,0,49,0,17,0
oscar-cp,oscar.cp.constraints,Minus,120,0,2,0,20,0,5,0,4,0
oscar-cp,oscar.cp.constraints,ScalarProduct.,160,0,12,0,19,0,20,0,14,0
oscar-cp,oscar.cp.constraints,CPObjectiveUnitMaximize,35,19,0,0,7,3,11,3,11,3
oscar-cp,oscar.cp.constraints,ElementEq,139,0,12,0,22,0,11,0,5,0
oscar-cp,oscar.cp.constraints,Implication,22,173,1,27,3,39,2,19,1,6
oscar-cp,oscar.cp.constraints,PrefixCCEmbedded.UnboundList,35,0,0,0,4,0,7,0,7,0
oscar-cp,oscar.cp.constraints,SubGraph,20,174,2,8,1,27,3,15,1,12
oscar-cp,oscar.cp.constraints,NestedGCCDecompFWC.TempList,66,0,0,0,6,0,8,0,8,0
oscar-cp,oscar.cp.constraints,ElementCst2D,40,367,6,20,1,48,9,14,3,7
oscar-cp,oscar.cp.constraints,NestedGCCDecompFWC.SegmentStructure,7,72,1,1,0,7,2,10,1,10
oscar-cp,oscar.cp.constraints,Stretch,14,0,0,0,0,0,2,0,2,0
oscar-cp,oscar.cp.constraints,Knapsack,62,793,13,49,7,89,15,41,3,22
oscar-cp,oscar.cp.constraints,Square,46,170,4,14,7,34,5,10,1,5
oscar-cp,oscar.cp.constraints,Disjoint,16,71,0,0,1,9,1,6,1,6
oscar-cp,oscar.cp.constraints,InSet,46,0,0,0,3,0,5,0,5,0
oscar-cp,oscar.cp.constraints,Circuit,12,199,2,8,2,24,4,8,2,5
oscar-cp,oscar.cp.constraints,OrReif2,245,46,23,1,33,5,15,4,3,4
oscar-cp,oscar.cp.constraints,ScalarProduct,60,0,0,0,0,0,12,0,12,0
oscar-cp,oscar.cp.constraints,PrefixCCEmbedded.TempList,66,0,0,0,6,0,8,0,8,0
oscar-cp,oscar.cp.constraints,AllDifferent,10,331,1,15,2,25,2,19,1,12
oscar-cp,oscar.cp.constraints,GraphUndirected,16,111,0,0,1,21,1,6,1,6
oscar-cp,oscar.cp.scheduling.util,Cache,3,0,0,0,1,0,1,0,1,0
oscar-cp,oscar.cp.scheduling.util,ResourceCache.,70,0,4,0,10,0,8,0,6,0
oscar-cp,oscar.cp.scheduling.util,BoundsCache.,68,0,4,0,10,0,8,0,6,0
oscar-cp,oscar.cp.scheduling.util,ThetaLambdaTreeWithTransitionTimesAndFamilies,72,1728,11,81,12,209,16,119,5,84
oscar-cp,oscar.cp.scheduling.util,OpenSparseSet.,16,0,0,0,2,0,3,0,3,0
oscar-cp,oscar.cp.scheduling.util,ThetaLambdaTree,169,911,8,28,28,123,8,34,2,22
oscar-cp,oscar.cp.scheduling.util,OpenSparseSet,5,84,0,2,0,13,1,6,1,5
oscar-cp,oscar.cp.scheduling.util,ThetaLambdaTreeWithTransitionTimes,46,1231,1,37,7,163,5,42,4,24
oscar-cp,oscar.cp.scheduling.util,BoundsCache,156,0,4,0,21,0,11,0,9,0
oscar-cp,oscar.cp.scheduling.util,TransitionLowerBounds,171,253,0,8,13,23,11,17,11,13
oscar-cp,oscar.cp.scheduling.util,ResourceCache,175,0,6,0,25,0,12,0,9,0
oscar-cp,oscar.cp.scheduling.precedencegraph.branching.decisions,PrecGraphDecisionForNoGood,55,0,0,0,5,0,9,0,9,0
oscar-cp,oscar.cp.scheduling.precedencegraph.branching.decisions,PrecGraphDecisionFailCallBack,55,0,2,0,7,0,6,0,5,0
oscar-cp,oscar.cp.scheduling.precedencegraph.branching.decisions,PrecedenceDecision,11,42,0,0,2,3,2,5,2,5
oscar-cp,oscar.cp.scheduling.precedencegraph.branching.decisions,PrecGraphDecision,40,0,0,0,5,0,5,0,5,0
oscar-cp,oscar.cp.examples.multiobjective,BiKnapsackLNS,4,0,0,0,0,0,1,0,1,0
oscar-cp,oscar.cp.examples.multiobjective,BiQuadraticAssignment.,597,0,22,0,36,0,31,0,20,0
oscar-cp,oscar.cp.examples.multiobjective,BiQuadraticAssignment,4,0,0,0,0,0,1,0,1,0
oscar-cp,oscar.cp.examples.multiobjective,BiTSP,4,0,0,0,0,0,1,0,1,0
oscar-cp,oscar.cp.examples.multiobjective,BiKnapsack,4,0,0,0,0,0,1,0,1,0
oscar-cp,oscar.cp.examples.multiobjective,BiKnapsackLNS.,582,0,16,0,38,0,26,0,18,0
oscar-cp,oscar.cp.examples.multiobjective,BiTSP.,205,0,0,0,25,0,7,0,7,0
oscar-cp,oscar.cp.examples.multiobjective,BiKnapsack.,555,0,16,0,34,0,26,0,18,0
oscar-cp,oscar.algo.reversible,ReversibleSparseSetJava.,12,0,0,0,1,0,3,0,3,0
oscar-cp,oscar.algo.reversible,ReversibleBitSet.SparseBitSet,72,94,6,6,8,15,9,6,5,4
oscar-cp,oscar.algo.reversible,ReversibleSparseBitSet,136,590,5,39,17,106,9,47,5,29
oscar-cp,oscar.algo.reversible,ReversibleBoundedSet,112,246,15,17,17,39,17,9,5,5
oscar-cp,oscar.algo.reversible,ReversibleSparseSubset.,12,41,0,0,1,5,2,2,2,2
oscar-cp,oscar.algo.reversible,ReversibleSparseSet..anon.new IterableOnce() {...},69,0,6,0,5,0,6,0,3,0
oscar-cp,oscar.algo.reversible,ReversiblePointer,26,55,2,4,3,10,6,12,5,10
oscar-cp,oscar.algo.reversible,ReversiblePointer.,19,0,0,0,4,0,4,0,4,0
oscar-cp,oscar.algo.reversible,ReversibleSharedSparseSet,9,229,6,8,1,31,6,17,1,15
oscar-cp,oscar.algo.reversible,ReversibleArrayStack,100,97,7,7,15,18,12,10,7,8
oscar-cp,oscar.algo.reversible,AbstractOrderedSet..anon.new IterableOnce() {...},8,50,2,6,0,7,2,5,0,3
oscar-cp,oscar.algo.reversible,ReversibleBoolean..anon.new TrailEntry() {...},4,13,1,1,0,2,1,2,0,2
oscar-cp,oscar.algo.reversible,ReversibleBoolean..anon.new TrailEntry() {...},4,13,1,1,0,2,1,2,0,2
oscar-cp,oscar.algo.reversible,ReversibleSparseSubset,85,371,11,29,4,50,13,34,3,24
oscar-cp,oscar.algo.reversible,ReversibleLong.,16,0,0,0,2,0,3,0,3,0
oscar-cp,oscar.algo.reversible,ReversibleSparseSetManual,53,147,4,6,9,27,4,10,2,7
oscar-cp,oscar.algo.reversible,SparseSet,3,54,0,0,0,15,1,9,1,9
oscar-cp,oscar.algo.reversible,ReversibleQueue,0,5,0,0,0,1,0,1,0,1
oscar-cp,oscar.algo.reversible,ReversibleSparseSet,469,329,68,24,85,53,55,21,17,13
oscar-cp,oscar.algo.reversible,ReversibleSparseBitSet.BitSet,170,65,12,4,20,8,15,5,7,5
oscar-cp,oscar.algo.reversible,ReversibleBoolean,6,104,1,11,1,26,2,14,1,9
oscar-cp,oscar.algo.reversible,ReversibleSet,0,73,0,4,0,13,0,8,0,6
oscar-cp,oscar.algo.reversible,ReversibleContextImpl,37,156,3,5,7,32,6,15,4,13
oscar-cp,oscar.algo.reversible,ReversibleTrailEntry,0,15,0,0,0,2,0,2,0,2
oscar-cp,oscar.algo.reversible,ReversibleContextImpl..anon.new TrailEntry() {...},0,11,0,0,0,1,0,2,0,2
oscar-cp,oscar.algo.reversible,OrderedSet,83,0,0,0,17,0,13,0,13,0
oscar-cp,oscar.algo.reversible,ReversibleBoundedSet..anon.new IterableOnce() {...},44,0,4,0,6,0,5,0,3,0
oscar-cp,oscar.algo.reversible,ReversibleDoubleTrailEntry,16,0,0,0,2,0,2,0,2,0
oscar-cp,oscar.algo.reversible,ReversibleInterval,260,0,42,0,30,0,36,0,15,0
oscar-cp,oscar.algo.reversible,SparseSet.,12,0,0,0,1,0,3,0,3,0
oscar-cp,oscar.algo.reversible,ReversibleDisjointSets,16,117,2,6,1,12,4,8,2,6
oscar-cp,oscar.algo.reversible,ReversibleContext.,5,9,0,0,1,1,1,2,1,2
oscar-cp,oscar.algo.reversible,MagicBoolean,55,0,2,0,11,0,6,0,5,0
oscar-cp,oscar.algo.reversible,AbstractSparseSet..anon.new IterableOnce() {...},10,49,2,4,0,7,2,4,0,3
oscar-cp,oscar.algo.reversible,BitSetOp.,5,53,0,0,1,6,1,6,1,6
oscar-cp,oscar.algo.reversible,ReversibleSparseBitSetEntry,0,15,0,0,0,2,0,2,0,2
oscar-cp,oscar.algo.reversible,AbstractSparseSet,358,436,63,49,65,90,44,37,6,19
oscar-cp,oscar.algo.reversible,ReversibleSparseSetSimple,70,86,4,4,12,15,10,5,8,3
oscar-cp,oscar.algo.reversible,ReversibleSparseSetJava,14,66,0,0,2,11,3,9,3,9
oscar-cp,oscar.algo.reversible,ReversibleInt.,5,14,0,0,1,2,1,3,1,3
oscar-cp,oscar.algo.reversible,ReversibleOrderedSet,6,116,0,0,0,18,2,11,2,11
oscar-cp,oscar.algo.reversible,ReversibleDouble,47,0,0,0,8,0,5,0,5,0
oscar-cp,oscar.algo.reversible,ReversibleContext,3,0,0,0,0,0,1,0,1,0
oscar-cp,oscar.algo.reversible,ReversibleBitSet,51,211,1,15,3,39,4,18,3,11
oscar-cp,oscar.algo.reversible,ReversibleDouble.,16,0,0,0,2,0,3,0,3,0
oscar-cp,oscar.algo.reversible,AbstractOrderedSet,39,252,13,25,2,35,13,17,2,9
oscar-cp,oscar.algo.reversible,BitSetOp,22,0,0,0,0,0,5,0,5,0
oscar-cp,oscar.algo.reversible,Reversible,0,25,0,2,0,6,0,3,0,2
oscar-cp,oscar.algo.reversible,ReversibleInt,14,167,0,6,1,37,3,17,3,14
oscar-cp,oscar.algo.reversible,ReversibleLongTrailEntry,0,16,0,0,0,2,0,2,0,2
oscar-cp,oscar.algo.reversible,ReversibleSparseSubset..anon.new IterableOnce() {...},4,65,2,4,0,5,2,4,0,3
oscar-cp,oscar.algo.reversible,ReversibleSparseSubset..anon.new IterableOnce() {...},4,63,2,4,0,5,2,4,0,3
oscar-cp,oscar.algo.reversible,ReversibleSparseSubset..anon.new IterableOnce() {...},4,57,2,4,0,5,2,4,0,3
oscar-cp,oscar.algo.reversible,ReversibleArrayStack.,5,7,0,0,0,1,1,2,1,2
oscar-cp,oscar.algo.reversible,ReversibleSparseSubset..anon.new IterableOnce() {...},4,63,2,4,0,5,2,4,0,3
oscar-cp,oscar.algo.reversible,ReversibleLong,61,14,0,0,12,2,5,2,5,2
oscar-cp,oscar.algo.reversible,ReversibleDisjointSets.,5,11,0,0,1,2,1,2,1,2
oscar-cp,oscar.algo.reversible,Queue,21,55,2,6,6,11,4,10,3,7
oscar-cp,oscar.cp.examples.scheduling,VariableCapacity.,330,0,0,0,22,0,23,0,23,0
oscar-cp,oscar.cp.examples.scheduling,JobShop.,465,0,2,0,46,0,18,0,17,0
oscar-cp,oscar.cp.examples.scheduling,RCPSP,56,0,0,0,0,0,18,0,18,0
oscar-cp,oscar.cp.examples.scheduling,PerfectSquare,60,0,0,0,0,0,19,0,19,0
oscar-cp,oscar.cp.examples.scheduling,TrolleyProblem.,861,0,8,0,54,0,44,0,40,0
oscar-cp,oscar.cp.examples.scheduling,OptionalTasks.,382,0,0,0,26,0,26,0,26,0
oscar-cp,oscar.cp.examples.scheduling,DoubleReservoirShop,4,0,0,0,0,0,1,0,1,0
oscar-cp,oscar.cp.examples.scheduling,JobShop,4,0,0,0,0,0,1,0,1,0
oscar-cp,oscar.cp.examples.scheduling,VariableCapacity,47,0,0,0,0,0,15,0,15,0
oscar-cp,oscar.cp.examples.scheduling,BiRCPSP,59,0,0,0,0,0,19,0,19,0
oscar-cp,oscar.cp.examples.scheduling,CumulativeJobShop,77,0,0,0,0,0,25,0,25,0
oscar-cp,oscar.cp.examples.scheduling,OptionalTasks,56,0,0,0,0,0,18,0,18,0
oscar-cp,oscar.cp.examples.scheduling,JobShopWithLNSAndShaving.,479,0,2,0,49,0,49,0,48,0
oscar-cp,oscar.cp.examples.scheduling,JobShopWithTransitionTimes.,526,0,4,0,40,0,44,0,42,0
oscar-cp,oscar.cp.examples.scheduling,JobShopWithTransitionTimes,89,0,0,0,0,0,29,0,29,0
oscar-cp,oscar.cp.examples.scheduling,AlternativeUnary.,242,0,0,0,18,0,25,0,25,0
oscar-cp,oscar.cp.examples.scheduling,TrolleyProblem,95,0,0,0,0,0,31,0,31,0
oscar-cp,oscar.cp.examples.scheduling,AlternativeUnary,50,0,0,0,0,0,16,0,16,0
oscar-cp,oscar.cp.examples.scheduling,PerfectSquare.,499,0,4,0,31,0,32,0,30,0
oscar-cp,oscar.cp.examples.scheduling,RCPSP.,334,0,0,0,19,0,24,0,24,0
oscar-cp,oscar.cp.examples.scheduling,AlternativeTask,53,0,0,0,0,0,17,0,17,0
oscar-cp,oscar.cp.examples.scheduling,SingleReservoirShop.,309,0,0,0,22,0,8,0,8,0
oscar-cp,oscar.cp.examples.scheduling,DoubleReservoirShop.,579,0,0,0,28,0,9,0,9,0
oscar-cp,oscar.cp.examples.scheduling,CumulativeJobShop.,321,0,0,0,28,0,32,0,32,0
oscar-cp,oscar.cp.examples.scheduling,JobShopWithLNSAndShaving,97,0,0,0,0,0,31,0,31,0
oscar-cp,oscar.cp.examples.scheduling,AlternativeTask.,407,0,0,0,26,0,25,0,25,0
oscar-cp,oscar.cp.examples.scheduling,BiRCPSP.,331,0,0,0,22,0,26,0,26,0
oscar-cp,oscar.cp.examples.scheduling,SingleReservoirShop,4,0,0,0,0,0,1,0,1,0
oscar-cp,oscar.cp.nogoods.searches,RandomHeuristicNogoodBranching,216,0,18,0,46,0,16,0,7,0
oscar-cp,oscar.cp.nogoods.searches,FailureDirectedSearch.FDSDecision,143,0,6,0,11,0,6,0,3,0
oscar-cp,oscar.cp.nogoods.searches,FailureDirectedSearch.FDSChoice,84,0,10,0,9,0,13,0,8,0
oscar-cp,oscar.cp.nogoods.searches,ConflictOrderingSearch.,21,0,0,0,3,0,5,0,5,0
oscar-cp,oscar.cp.nogoods.searches,NogoodBranching,26,0,2,0,4,0,3,0,2,0
oscar-cp,oscar.cp.nogoods.searches,StaticNogoodBranching,45,0,4,0,5,0,5,0,3,0
oscar-cp,oscar.cp.nogoods.searches,SplitConflictSet,328,0,24,0,59,0,18,0,6,0
oscar-cp,oscar.cp.nogoods.searches,RestartConflictSet,297,0,24,0,69,0,21,0,9,0
oscar-cp,oscar.cp.nogoods.searches,ConstructiveDisjunction,6,0,0,0,0,0,1,0,1,0
oscar-cp,oscar.cp.nogoods.searches,ConflictOrderingSearch,139,0,8,0,21,0,17,0,13,0
oscar-cp,oscar.cp.nogoods.searches,FailureDirectedSearch.FDSLowerEq,94,0,8,0,10,0,15,0,11,0
oscar-cp,oscar.cp.nogoods.searches,FailureDirectedSearch.FDSChoiceOrdering.,27,0,4,0,6,0,4,0,2,0
oscar-cp,oscar.cp.nogoods.searches,HeuristicNogoodBranching,204,0,18,0,39,0,16,0,7,0
oscar-cp,oscar.cp.nogoods.searches,NogoodSearch,423,0,34,0,83,0,30,0,13,0
oscar-cp,oscar.cp.nogoods.searches,FailureDirectedSearch,400,0,42,0,63,0,34,0,13,0
oscar-cp,oscar.cp.nogoods.searches,HeuristicNogoodBranching.,12,0,0,0,1,0,3,0,3,0
oscar-cp,oscar.cp.nogoods.searches,FailureDirectedSearch.FDSGreater,87,0,8,0,9,0,14,0,10,0
oscar-cp,oscar.cp.nogoods.searches,BadDecisionSearch,489,0,34,0,91,0,27,0,10,0
oscar-cp,oscar.cp.nogoods.searches,ConflictOrderingSearchPhase,146,0,8,0,22,0,16,0,12,0
oscar-cp,oscar.cp.nogoods.searches,ConflictOrderingSearchPhase.,19,0,0,0,2,0,4,0,4,0
oscar-cp,oscar.cp.nogoods.searches,RandomHeuristicNogoodBranching.,12,0,0,0,1,0,3,0,3,0
oscar-cp,oscar.cp.nogoods.searches,BinaryConflictSet,265,0,22,0,47,0,18,0,7,0
oscar-cp,oscar.cp.nogoods.searches,ConstructiveDisjunction.,213,0,14,0,38,0,14,0,7,0
oscar-cp,oscar.util.tree,Node,111,0,2,0,4,0,19,0,18,0
oscar-cp,oscar.util.tree,PositionedNode.,28,0,0,0,3,0,7,0,7,0
oscar-cp,oscar.util.tree,Extent.,201,0,12,0,24,0,24,0,18,0
oscar-cp,oscar.util.tree,Extent,140,0,0,0,9,0,25,0,25,0
oscar-cp,oscar.util.tree,Node.,231,0,6,0,22,0,20,0,17,0
oscar-cp,oscar.util.tree,PositionedNode,221,0,2,0,19,0,23,0,22,0
oscar-cp,oscar.util.tree,Tree.,39,0,0,0,7,0,4,0,4,0
oscar-cp,oscar.util.tree,Tree,299,0,22,0,33,0,36,0,25,0
oscar-cp,oscar.ml.pm.examples,Run.,81,0,4,0,9,0,15,0,13,0
oscar-cp,oscar.ml.pm.examples,Run,23,0,0,0,0,0,7,0,7,0
oscar-cp,oscar.cp.constraints.binpacking,BPCFlowPlus,1334,0,166,0,218,0,100,0,17,0
oscar-cp,oscar.cp.constraints.binpacking,IsolatedBinWithCardinality,565,0,40,0,88,0,40,0,20,0
oscar-cp,oscar.cp.constraints.binpacking,BPCFlow,1179,0,146,0,198,0,90,0,17,0
oscar-cp,oscar.cp.constraints.binpacking,Pelsser2013Plus,946,0,98,0,141,0,77,0,28,0
oscar-cp,oscar.cp.constraints.binpacking,SimpleBinPackingCard,370,0,18,0,42,0,22,0,13,0
oscar-cp,oscar.cp.constraints.binpacking,Pelsser2013,965,0,78,0,120,0,67,0,28,0
oscar-cp,oscar.cp.constraints.tables,TableGAC4R.SupportsTrailEntry,4,25,1,1,0,2,1,2,0,2
oscar-cp,oscar.cp.constraints.tables,TableCT,26,572,1,45,4,103,3,31,2,9
oscar-cp,oscar.cp.constraints.tables,table.,8,309,0,30,1,39,2,32,2,17
oscar-cp,oscar.cp.constraints.tables,Great,4,0,0,0,0,0,1,0,1,0
oscar-cp,oscar.cp.constraints.tables,BasicSmartTableAlgo.,5,11,0,0,1,1,1,2,1,2
oscar-cp,oscar.cp.constraints.tables,TableCTNegStar.,5,9,0,0,0,1,1,3,1,3
oscar-cp,oscar.cp.constraints.tables,TableCTNeg,29,609,3,41,6,110,5,29,2,10
oscar-cp,oscar.cp.constraints.tables,NotInSet,82,92,9,7,2,7,19,12,13,10
oscar-cp,oscar.cp.constraints.tables,TableCTBs,234,1221,30,94,37,193,23,56,4,13
oscar-cp,oscar.cp.constraints.tables,TableAC5TCRecomp,129,306,1,21,9,41,6,24,5,14
oscar-cp,oscar.cp.constraints.tables,TableCTNegStar,169,1570,17,89,18,269,20,68,6,29
oscar-cp,oscar.cp.constraints.tables,BasicSmartTableAlgo,26,0,0,0,0,0,8,0,8,0
oscar-cp,oscar.cp.constraints.tables,shortTable.,22,60,1,5,2,8,7,7,6,5
oscar-cp,oscar.cp.constraints.tables,GreatEq.,15,12,0,0,0,1,3,3,3,3
oscar-cp,oscar.cp.constraints.tables,TableSTR2,9,664,3,41,1,110,4,28,1,9
oscar-cp,oscar.cp.constraints.tables,TableSTR3,5,519,0,34,1,87,1,25,1,8
oscar-cp,oscar.cp.constraints.tables,NegativeShortTableAlgo.,16,0,0,0,2,0,3,0,3,0
oscar-cp,oscar.cp.constraints.tables,Equal,79,81,9,9,1,8,17,14,11,11
oscar-cp,oscar.cp.constraints.tables,TableDecompNeg,5,53,0,0,1,5,1,4,1,4
oscar-cp,oscar.cp.constraints.tables,TableData,16,200,4,10,1,22,4,26,0,23
oscar-cp,oscar.cp.constraints.tables,GreatEq,96,84,11,9,5,7,20,14,13,11
oscar-cp,oscar.cp.constraints.tables,basicSmartTable,14,0,0,0,0,0,3,0,3,0
oscar-cp,oscar.cp.constraints.tables,LessEq,96,84,11,9,5,7,20,14,13,11
oscar-cp,oscar.cp.constraints.tables,ShortTableAlgo.,5,23,0,0,1,3,1,4,1,4
oscar-cp,oscar.cp.constraints.tables,negativeTable.,13,59,1,5,2,8,3,7,2,5
oscar-cp,oscar.cp.constraints.tables,basicSmartTable.,13,23,1,1,2,4,3,3,2,3
oscar-cp,oscar.cp.constraints.tables,TableShortSTR2,14,783,5,53,3,134,7,33,2,9
oscar-cp,oscar.cp.constraints.tables,TableGAC4,5,477,0,28,1,87,1,31,1,17
oscar-cp,oscar.cp.constraints.tables,Star,45,53,2,6,2,6,13,10,11,8
oscar-cp,oscar.cp.constraints.tables,InSet.,15,12,0,0,0,1,3,3,3,3
oscar-cp,oscar.cp.constraints.tables,ShortTableAlgo,32,0,0,0,0,0,10,0,10,0
oscar-cp,oscar.cp.constraints.tables,negativeTable,24,0,0,0,0,0,5,0,5,0
oscar-cp,oscar.cp.constraints.tables,TableGAC4.VariableSupports,4,192,1,5,0,30,1,10,0,8
oscar-cp,oscar.cp.constraints.tables,TableSTRNe,37,768,4,44,9,121,5,33,3,11
oscar-cp,oscar.cp.constraints.tables,Star.,11,11,0,0,0,1,3,3,3,3
oscar-cp,oscar.cp.constraints.tables,NotEqual.,15,12,0,0,0,1,3,3,3,3
oscar-cp,oscar.cp.constraints.tables,shortTable,40,0,0,0,0,0,9,0,9,0
oscar-cp,oscar.cp.constraints.tables,TableGAC4R.VariableSupports,4,243,1,5,0,39,1,11,0,9
oscar-cp,oscar.cp.constraints.tables,TableSTRbit,26,503,1,39,4,88,3,28,2,9
oscar-cp,oscar.cp.constraints.tables,TableCTStar,42,646,2,50,5,110,5,34,3,10
oscar-cp,oscar.cp.constraints.tables,TableGAC4R,5,873,0,68,1,181,1,51,1,17
oscar-cp,oscar.cp.constraints.tables,Equal.,15,12,0,0,0,1,3,3,3,3
oscar-cp,oscar.cp.constraints.tables,SmartElement.,513,306,52,14,96,23,35,19,8,13
oscar-cp,oscar.cp.constraints.tables,LessEq.,15,12,0,0,0,1,3,3,3,3
oscar-cp,oscar.cp.constraints.tables,NegativeTableAlgo.,5,23,0,0,1,3,1,4,1,4
oscar-cp,oscar.cp.constraints.tables,TableCTBs.,5,26,0,0,1,4,1,3,1,3
oscar-cp,oscar.cp.constraints.tables,Great.,16,0,0,0,3,0,3,0,3,0
oscar-cp,oscar.cp.constraints.tables,NegativeTableAlgo,32,0,0,0,0,0,10,0,10,0
oscar-cp,oscar.cp.constraints.tables,negativeShortTable,22,0,0,0,0,0,5,0,5,0
oscar-cp,oscar.cp.constraints.tables,TableCTAC6,64,1241,3,91,8,245,7,78,5,33
oscar-cp,oscar.cp.constraints.tables,table,82,0,0,0,0,0,17,0,17,0
oscar-cp,oscar.cp.constraints.tables,NotInSet.,15,12,0,0,0,1,3,3,3,3
oscar-cp,oscar.cp.constraints.tables,TableCTAC6.NodeSupport.,0,5,0,0,0,1,0,2,0,2
oscar-cp,oscar.cp.constraints.tables,TableCTAC6.NodeSupport,13,138,2,10,1,21,4,16,2,12
oscar-cp,oscar.cp.constraints.tables,TableCTStar.,12,0,0,0,1,0,3,0,3,0
oscar-cp,oscar.cp.constraints.tables,NotEqual,90,84,11,9,2,7,19,14,12,11
oscar-cp,oscar.cp.constraints.tables,TableShortSTR2.,12,0,0,0,1,0,3,0,3,0
oscar-cp,oscar.cp.constraints.tables,SmartElement,67,5,0,0,2,2,21,2,21,2
oscar-cp,oscar.cp.constraints.tables,Less.,16,0,0,0,3,0,3,0,3,0
oscar-cp,oscar.cp.constraints.tables,TableAlgo.,7,99,0,0,1,16,2,16,2,16
oscar-cp,oscar.cp.constraints.tables,TableCTAC6LongTrailEntry,0,20,0,0,0,2,0,2,0,2
oscar-cp,oscar.cp.constraints.tables,NegativeShortTableAlgo,26,0,0,0,0,0,8,0,8,0
oscar-cp,oscar.cp.constraints.tables,TableMDD4R,5,627,0,32,1,121,1,25,1,9
oscar-cp,oscar.cp.constraints.tables,Less,4,0,0,0,0,0,1,0,1,0
oscar-cp,oscar.cp.constraints.tables,TableGAC4.SupportsTrailEntry,4,25,1,1,0,2,1,2,0,2
oscar-cp,oscar.cp.constraints.tables,TableSTR2Reif,6,316,2,26,1,61,3,19,1,7
oscar-cp,oscar.cp.constraints.tables,negativeShortTable.,45,0,2,0,6,0,8,0,7,0
oscar-cp,oscar.cp.constraints.tables,InSet,84,84,7,7,3,6,19,11,14,9
oscar-cp,oscar.cp.constraints.tables,TableDecomp,5,58,0,0,1,5,1,4,1,4
oscar-cp,oscar.cp.constraints.tables,TableAlgo,71,0,0,0,0,0,23,0,23,0
oscar-cp,oscar.util.instanceGenerators.utils,Utils,11,0,0,0,0,0,2,0,2,0
oscar-cp,oscar.util.instanceGenerators.utils,Utils.,5,119,0,6,1,14,1,11,1,8
oscar-cp,oscar.util.instanceGenerators.utils,MatrixUtils.,111,103,11,11,20,26,10,7,4,2
oscar-cp,oscar.util.instanceGenerators.utils,MatrixUtils,12,0,0,0,0,0,3,0,3,0
oscar-cp,oscar.ml.classificationtree.ANDORsearch,ANDORSearch,27,0,0,0,0,0,6,0,6,0
oscar-cp,oscar.ml.classificationtree.ANDORsearch,ANDORSearch.,1456,0,118,0,190,0,79,0,20,0
oscar-cp,oscar.cp.scheduling.precedencegraph,PrecedenceGraphWithNoGoods,3,40,0,0,0,3,1,6,1,6
oscar-cp,oscar.cp.scheduling.precedencegraph,PrecedenceGraphPropagator,65,509,7,25,7,63,11,15,4,6
oscar-cp,oscar.cp.scheduling.precedencegraph,PrecedenceGraph,57,683,10,52,3,115,13,51,7,26
oscar-cp,oscar.cp.scheduling.precedencegraph,PrecedenceGraphWithNoGoods.,14,0,0,0,1,0,3,0,3,0
oscar-cp,oscar.cp.scheduling.precedencegraph,PrecedenceGraph.,26,44,0,0,2,4,3,6,3,6
oscar-cp,oscar.algo.vars,FloatVarLike,15,0,4,0,2,0,4,0,2,0
oscar-cp,oscar.algo.vars,BoolVarLike,41,0,4,0,6,0,12,0,10,0
oscar-cp,oscar.algo.vars,IntVarLike,37,74,7,3,3,15,8,9,4,8
oscar-cp,oscar.algo.search,AlternativeIndexedSeq,37,0,2,0,7,0,5,0,4,0
oscar-cp,oscar.algo.search,AlternativeLinearSeq,39,0,2,0,9,0,5,0,4,0
oscar-cp,oscar.algo.search,StatusBehaviourDelegate,49,0,0,0,9,0,7,0,7,0
oscar-cp,oscar.algo.search,Branching.,5,10,0,0,1,1,1,2,1,2
oscar-cp,oscar.algo.search,OptionalSelection.,12,5,0,0,2,1,2,1,2,1
oscar-cp,oscar.algo.search,DFSLinearizer,0,47,0,0,0,6,0,5,0,5
oscar-cp,oscar.algo.search,Objective,19,6,0,0,3,1,4,1,4,1
oscar-cp,oscar.algo.search,DummyObjective,22,0,0,0,7,0,9,0,9,0
oscar-cp,oscar.algo.search,Alternatives,11,0,0,0,1,0,3,0,3,0
oscar-cp,oscar.algo.search,Pop,5,13,0,0,1,2,2,3,2,3
oscar-cp,oscar.algo.search,AlternativeDecision,3,10,0,0,0,2,1,2,1,2
oscar-cp,oscar.algo.search,Push,5,13,0,0,1,2,2,3,2,3
oscar-cp,oscar.algo.search,LowerEq,20,24,0,0,2,2,3,4,3,4
oscar-cp,oscar.algo.search,DFSReplayer,23,261,10,22,2,44,10,12,1,5
oscar-cp,oscar.algo.search,Remove,18,24,0,0,2,2,3,4,3,4
oscar-cp,oscar.algo.search,GreaterEq,20,24,0,0,2,2,3,4,3,4
oscar-cp,oscar.algo.search,DFSearchNode,70,235,0,6,10,40,14,35,14,32
oscar-cp,oscar.algo.search,DomainDecision,0,3,0,0,0,1,0,1,0,1
oscar-cp,oscar.algo.search,BranchingUtils,0,61,0,0,0,8,0,9,0,9
oscar-cp,oscar.algo.search,DFSearch,25,310,1,37,5,78,5,28,4,10
oscar-cp,oscar.algo.search,AlternativeArray,36,0,2,0,7,0,5,0,4,0
oscar-cp,oscar.algo.search,Branching,6,21,0,2,1,6,2,5,2,4
oscar-cp,oscar.algo.search,ObjectiveObserver,3,0,0,0,1,0,1,0,1,0
oscar-cp,oscar.algo.search,DiscrepancyBranching,5,69,1,5,0,14,1,4,0,2
oscar-cp,oscar.algo.search,Decision.,18,29,0,0,4,4,4,5,4,5
oscar-cp,oscar.algo.search,DefaultDFSearchListener,48,0,0,0,12,0,10,0,10,0
[...]
oscar-cp,oscar.ml.pm.examples.spm,SPMRunner,4,0,0,0,0,0,1,0,1,0
oscar-cp,oscar.ml.pm.examples.spm,SPMtimeRunner.,344,0,14,0,27,0,15,0,8,0
oscar-cp,oscar.ml.pm.examples.spm,SPMtimeRunner.Config.3.,55,0,0,0,6,0,10,0,10,0
oscar-cp,oscar.ml.pm.examples.spm,SPMRunner.Config.3.,43,0,0,0,5,0,9,0,9,0
oscar-cp,oscar.ml.pm.examples.spm,SPMRunner.Config.new Product() {...},199,0,28,0,5,0,39,0,22,0
oscar-cp,oscar.ml.pm.examples.spm,SPMtimeRunner.Config.new Product() {...},229,0,32,0,6,0,45,0,25,0
oscar-cp,oscar.cp,package.CPIntVarOps,192,239,19,3,49,37,21,35,11,34
oscar-cp,oscar.cp,package.CPBoolVarOps.,41,78,6,0,2,13,8,9,5,9
oscar-cp,oscar.cp,package.,45,75,0,0,6,15,9,17,9,17
oscar-cp,oscar.cp,package,1226,0,0,0,0,0,239,0,239,0
oscar-cp,oscar.cp,package.IterableVarOps.,121,0,16,0,10,0,16,0,8,0
oscar-cp,oscar.cp,package.CPBoolVarOps,126,0,0,0,10,0,24,0,24,0
oscar-cp,oscar.cp,package.CPModel,0,6,0,0,0,1,0,1,0,1
oscar-cp,oscar.cp,package.IterableVarOps,58,0,0,0,4,0,12,0,12,0
oscar-cp,oscar.cp,package.TightenType.,7,30,0,0,0,5,2,5,2,5
oscar-cp,oscar.cp.nogoods.database,NogoodDBImpl,240,0,20,0,58,0,24,0,14,0
oscar-cp,oscar.cp.nogoods.database,NogoodDB.,14,0,0,0,2,0,3,0,3,0
oscar-cp,oscar.cp.nogoods.database,NogoodDB,6,0,0,0,1,0,2,0,2,0
oscar-cp,oscar.ml.classificationtree.DecisionTree,DEndNode,199,0,18,0,17,0,27,0,18,0
oscar-cp,oscar.ml.classificationtree.DecisionTree,DTree,971,0,22,0,95,0,73,0,62,0
oscar-cp,oscar.ml.classificationtree.DecisionTree,DLeaf,93,0,0,0,15,0,15,0,15,0
oscar-cp,oscar.ml.classificationtree.DecisionTree,DNode,320,0,18,0,26,0,27,0,18,0
oscar-cp,oscar.ml.classificationtree.DecisionTree,DTreeDecision,955,0,68,0,79,0,84,0,50,0
oscar-cp,oscar.ml.classificationtree.DecisionTree,DTree.,73,0,2,0,5,0,5,0,4,0
oscar-cp,oscar.cp.scheduling.precedencegraph.branching,StaticPrecedenceGraphBranching,36,425,2,36,0,48,4,20,2,3
oscar-cp,oscar.cp.scheduling.precedencegraph.branching,StaticPrecedenceGraphBranching.,5,7,0,0,0,1,1,2,1,2
oscar-cp,oscar.cp.scheduling.precedencegraph.branching,DynamicPrecedenceGraphBranchingAllPrecedencesAllMachines,164,385,9,21,25,56,10,22,5,12
oscar-cp,oscar.cp.scheduling.precedencegraph.branching,AssignAllVarsToMin,0,94,0,8,0,14,0,9,0,5
oscar-cp,oscar.cp.scheduling.precedencegraph.branching,PrecGraphDecisionForNoGood,13,42,0,0,2,3,3,6,3,6
oscar-cp,oscar.cp.scheduling.precedencegraph.branching,PrecGraphDecision,11,29,0,0,2,3,2,3,2,3
oscar-cp,oscar.cp.scheduling.precedencegraph.branching,DynamicPrecedenceGraphBranchingAllPrecedences,1,381,1,25,0,56,1,17,0,5
oscar-cp,oscar.cp.scheduling.precedencegraph.branching,HebrardHeuristic,132,279,13,3,26,25,11,16,4,15
oscar-cp,oscar.cp.scheduling.precedencegraph.branching,PrecGraphDecisionFailCallBack,20,35,1,1,2,5,4,2,3,2
oscar-cp,oscar.ml.pm.Constraints.fem,EpisodeSupport,654,0,70,0,101,0,53,0,18,0
oscar-cp,oscar.ml.pm.Constraints.fem,EpisodeSupportT,1355,0,128,0,219,0,87,0,23,0
oscar-cp,oscar.cp.core.delta,DeltaSeqVar,70,0,0,0,9,0,13,0,13,0
oscar-cp,oscar.cp.core.delta,PropagatorSeqVar,47,0,0,0,8,0,7,0,7,0
oscar-cp,oscar.cp.core.delta,DeltaSeqVar.,24,0,0,0,3,0,4,0,4,0
oscar-cp,oscar.cp.core.delta,DeltaSetVarTrailEntry,0,20,0,0,0,2,0,2,0,2
oscar-cp,oscar.cp.core.delta,DeltaIntVarEmpty,36,37,0,0,2,10,13,1,13,1
oscar-cp,oscar.cp.core.delta,DeltaSeqVarTrailEntry,25,0,0,0,2,0,2,0,2,0
oscar-cp,oscar.cp.core.delta,PropagatorIntVar,21,36,0,2,3,5,5,5,5,4
oscar-cp,oscar.cp.core.delta,DeltaSetVar,3,126,0,6,1,25,1,16,1,13
oscar-cp,oscar.cp.core.delta,PropagatorIntVar.,5,7,0,0,0,1,1,2,1,2
oscar-cp,oscar.cp.core.delta,PropagatorSetVar,19,28,0,0,4,4,4,3,4,3
oscar-cp,oscar.cp.core.delta,DeltaIntVar,0,3,0,0,0,1,0,1,0,1
oscar-cp,oscar.cp.core.delta,Delta,0,3,0,0,0,1,0,1,0,1
oscar-cp,oscar.cp.core.delta,DeltaIntVarAdaptable,6,156,0,10,2,26,2,18,2,13
oscar-cp,oscar.cp.core.delta,DeltaIntVarEmpty.,12,0,0,0,1,0,3,0,3,0
oscar-cp,oscar.cp.core.delta,DeltaSetBasedSeqVar,116,0,8,0,20,0,18,0,14,0
oscar-cp,oscar.cp.core.delta,DeltaIntVarAdaptableTrailEntry,0,25,0,0,0,2,0,2,0,2
oscar-cp,oscar.cp.constraints.tables.tablerepresentation,BasicSmartTable.basicSmartTableOrdering.,24,61,4,10,8,19,3,8,1,3
oscar-cp,oscar.cp.constraints.tables.tablerepresentation,TableUtil.,5,44,0,0,1,9,1,4,1,4
oscar-cp,oscar.cp.constraints.tables.tablerepresentation,GroundTable,428,662,49,17,70,65,45,23,15,20
oscar-cp,oscar.cp.constraints.tables.tablerepresentation,GroundTable.,5,7,0,0,0,1,1,2,1,2
oscar-cp,oscar.cp.constraints.tables.tablerepresentation,BasicSmartTable.compressionOrdering.,160,0,24,0,24,0,15,0,3,0
oscar-cp,oscar.cp.constraints.tables.tablerepresentation,BasicSmartTable.SparseBitSet,563,0,58,0,105,0,46,0,17,0
oscar-cp,oscar.cp.constraints.tables.tablerepresentation,ShortTable.shortTableOrdering.,152,0,34,0,39,0,22,0,5,0
oscar-cp,oscar.cp.constraints.tables.tablerepresentation,ShortTable,435,189,42,10,60,29,37,12,16,7
oscar-cp,oscar.cp.constraints.tables.tablerepresentation,TableUtil,15,0,0,0,0,0,3,0,3,0
oscar-cp,oscar.cp.constraints.tables.tablerepresentation,GroundTable.tableOrdering.,0,45,0,8,0,12,0,7,0,3
oscar-cp,oscar.cp.constraints.tables.tablerepresentation,BasicSmartTable,3110,809,321,29,474,82,220,29,51,23
oscar-cp,oscar.cp.constraints.tables.tablerepresentation,BasicSmartTable.,5,7,0,0,0,1,1,2,1,2
oscar-cp,oscar.cp.constraints.tables.tablerepresentation,Table,124,9,10,0,15,2,16,2,11,2
oscar-cp,oscar.cp.constraints.tables.tablerepresentation,BasicSmartTable.basicSmartTableOrdering2.,0,105,0,12,0,18,0,9,0,3
oscar-cp,oscar.cp.constraints.tables.tablerepresentation,ShortTable.,5,7,0,0,0,1,1,2,1,2
oscar-cp,oscar.cp.constraints.tables.tablerepresentation,Table.,12,17,0,0,2,2,2,3,2,3
oscar-cp,oscar.cp.examples.util,InFile.,15,0,0,0,2,0,3,0,3,0
oscar-cp,oscar.cp.examples.util,OutFile,99,0,4,0,15,0,15,0,13,0
oscar-cp,oscar.cp.examples.util,InFile,62,0,0,0,6,0,7,0,7,0
oscar-cp,oscar.cp.examples.util,OutFile.,21,0,0,0,2,0,5,0,5,0
oscar-cp,oscar.cp.core.variables,CPIntVarViewMinus,227,153,8,2,42,25,32,20,28,19
oscar-cp,oscar.cp.core.variables,CPBoolVar.,16,16,0,0,2,3,3,3,3,3
oscar-cp,oscar.cp.core.variables,CPSetVar.,73,64,3,1,10,8,5,4,3,4
oscar-cp,oscar.cp.core.variables,CPIntVarSingleton.,12,0,0,0,1,0,3,0,3,0
oscar-cp,oscar.cp.core.variables,CPGraphVar.Node.,35,8,1,1,0,1,5,1,4,1
oscar-cp,oscar.cp.core.variables,CPIntVar..anon.new SubConstraint() {...},18,34,1,3,1,5,2,4,1,3
oscar-cp,oscar.cp.core.variables,CPIntVar..anon.new SubConstraint() {...},18,34,1,3,1,5,2,4,1,3
oscar-cp,oscar.cp.core.variables,CPIntVar..anon.new SubConstraint() {...},52,0,4,0,6,0,6,0,4,0
oscar-cp,oscar.cp.core.variables,CPSeqVar,62,0,2,0,8,0,10,0,9,0
oscar-cp,oscar.cp.core.variables,CPBoolVarImpl,440,484,70,59,68,78,72,58,26,38
oscar-cp,oscar.cp.core.variables,CPIntVarAdaptable.,5,7,0,0,0,1,1,2,1,2
oscar-cp,oscar.cp.core.variables,CPHeadSeqVar,675,0,66,0,103,0,83,0,50,0
oscar-cp,oscar.cp.core.variables,CPIntVarSingleton..anon.new TrailEntry() {...},4,13,1,1,0,2,1,2,0,2
oscar-cp,oscar.cp.core.variables,CPBoolVar,20,3,0,0,0,1,4,1,4,1
oscar-cp,oscar.cp.core.variables,CPVar,0,3,0,0,0,1,0,1,0,1
oscar-cp,oscar.cp.core.variables,CPIntVar.,107,216,7,7,19,26,15,19,11,16
oscar-cp,oscar.cp.core.variables,CPGraphVar.Edge.,35,8,1,1,0,1,5,1,4,1
oscar-cp,oscar.cp.core.variables,CPBoolVarImpl.,32,36,4,2,5,7,5,4,3,3
oscar-cp,oscar.cp.core.variables,CPGraphVar.,5,121,0,0,1,14,1,6,1,6
oscar-cp,oscar.cp.core.variables,CPIntVar,189,657,4,54,11,120,36,67,32,42
oscar-cp,oscar.cp.core.variables,CPGraphVar,55,360,6,6,3,44,14,31,10,29
oscar-cp,oscar.cp.core.variables,CPInsertSeqVar,926,0,84,0,126,0,110,0,68,0
oscar-cp,oscar.cp.core.variables,CPInsertSeqVar.,47,0,0,0,7,0,5,0,5,0
oscar-cp,oscar.cp.core.variables,CPIntVarAdaptable..anon.new IterableOnce() {...},4,50,1,3,0,6,1,4,0,3
oscar-cp,oscar.cp.core.variables,CPIntVarAdaptable..anon.new IterableOnce() {...},4,39,1,3,0,5,1,4,0,3
oscar-cp,oscar.cp.core.variables,CPIntVarAdaptableDomainContinuous,0,25,0,0,0,2,0,2,0,2
oscar-cp,oscar.cp.core.variables,CPIntVarViewTimes,339,214,17,17,50,28,42,25,33,17
oscar-cp,oscar.cp.core.variables,CPHeadSeqVar.,47,0,0,0,7,0,5,0,5,0
oscar-cp,oscar.cp.core.variables,CPIntVarSingleton,185,161,16,14,40,27,40,25,29,21
oscar-cp,oscar.cp.core.variables,CPSetVar,53,490,5,29,5,74,13,57,9,44
oscar-cp,oscar.cp.core.variables,CPIntVarAdaptableDomainSparse,0,25,0,0,0,2,0,2,0,2
oscar-cp,oscar.cp.core.variables,CPIntVarAdaptable,66,1863,8,184,8,364,13,164,5,76
oscar-cp,oscar.cp.core.variables,CPInsertSeqVar..anon.new IterableOnce() {...},50,0,4,0,5,0,5,0,3,0
oscar-cp,oscar.cp.core.variables,CPInsertSeqVar..anon.new IterableOnce() {...},50,0,4,0,5,0,5,0,3,0
oscar-cp,oscar.cp.core.variables,CPIntVarViewOffset,128,337,6,6,22,54,16,39,13,36
oscar-cp,oscar.cp.core.variables,CPGraphVar.Node,159,23,25,1,0,1,31,3,16,3
oscar-cp,oscar.cp.core.variables,CPBoolVarNot,359,115,27,1,56,20,56,14,42,14
oscar-cp,oscar.cp.core.variables,CPGraphVar.Edge,154,26,25,1,0,1,30,4,15,4
oscar-cp,oscar.cp.constraints.sequence,MaxDistance.,24,0,0,0,4,0,4,0,4,0
oscar-cp,oscar.cp.constraints.sequence,LastInsertSeq,66,0,10,0,6,0,8,0,3,0
oscar-cp,oscar.cp.constraints.sequence,MaxDistance,84,0,0,0,8,0,9,0,9,0
oscar-cp,oscar.cp.constraints.sequence,TransitionTimesHead,518,0,36,0,60,0,38,0,20,0
oscar-cp,oscar.cp.constraints.sequence,Dependency.,16,0,0,0,2,0,3,0,3,0
oscar-cp,oscar.cp.constraints.sequence,BinaryPrecedenceInsert,215,0,14,0,21,0,11,0,4,0
oscar-cp,oscar.cp.constraints.sequence,TransitionTimes,188,0,6,0,25,0,17,0,14,0
oscar-cp,oscar.cp.constraints.sequence,Last,38,0,0,0,3,0,5,0,5,0
oscar-cp,oscar.cp.constraints.sequence,TransitionTimes.,28,0,0,0,4,0,4,0,4,0
oscar-cp,oscar.cp.constraints.sequence,TransitionTimesInsert,531,0,50,0,57,0,40,0,15,0
oscar-cp,oscar.cp.constraints.sequence,Last.,22,0,0,0,3,0,4,0,4,0
oscar-cp,oscar.cp.constraints.sequence,PrecedenceHead,162,0,12,0,18,0,17,0,11,0
oscar-cp,oscar.cp.constraints.sequence,LoadProfile,122,0,4,0,12,0,12,0,10,0
oscar-cp,oscar.cp.constraints.sequence,RequireElem,123,0,10,0,19,0,14,0,9,0
oscar-cp,oscar.cp.constraints.sequence,ExcludeElem,123,0,10,0,19,0,14,0,9,0
oscar-cp,oscar.cp.constraints.sequence,SequenceAllocation,200,0,10,0,15,0,15,0,10,0
oscar-cp,oscar.cp.constraints.sequence,Requires.,23,0,0,0,3,0,4,0,4,0
oscar-cp,oscar.cp.constraints.sequence,Precedence,56,0,0,0,2,0,8,0,8,0
oscar-cp,oscar.cp.constraints.sequence,PrecedenceInsert.,12,0,0,0,1,0,3,0,3,0
oscar-cp,oscar.cp.constraints.sequence,Cumulative,132,0,0,0,11,0,7,0,7,0
oscar-cp,oscar.cp.constraints.sequence,CumulativeInsert,376,0,28,0,42,0,28,0,14,0
oscar-cp,oscar.cp.constraints.sequence,Excludes,43,0,0,0,3,0,6,0,6,0
oscar-cp,oscar.cp.constraints.sequence,Precedence.,90,0,4,0,10,0,10,0,8,0
oscar-cp,oscar.cp.constraints.sequence,BinaryPrecedenceInsert.,12,0,0,0,1,0,3,0,3,0
oscar-cp,oscar.cp.constraints.sequence,PrecedenceInsert,106,0,4,0,15,0,6,0,4,0
oscar-cp,oscar.cp.constraints.sequence,Cumulative.,20,0,0,0,3,0,3,0,3,0
oscar-cp,oscar.cp.constraints.sequence,First,38,0,0,0,3,0,5,0,5,0
oscar-cp,oscar.cp.constraints.sequence,Requires,43,0,0,0,3,0,6,0,6,0
oscar-cp,oscar.cp.constraints.sequence,PrecedenceHead.,12,0,0,0,1,0,3,0,3,0
oscar-cp,oscar.cp.constraints.sequence,SequenceAllocation.,17,0,0,0,2,0,3,0,3,0
oscar-cp,oscar.cp.constraints.sequence,Dependency,175,0,34,0,30,0,25,0,8,0
oscar-cp,oscar.cp.constraints.sequence,FirstInsertSeq,60,0,10,0,6,0,8,0,3,0
oscar-cp,oscar.cp.constraints.sequence,Excludes.,23,0,0,0,3,0,4,0,4,0
oscar-cp,oscar.cp.constraints.sequence,FirstHeadSeq,41,0,8,0,4,0,6,0,2,0
oscar-cp,oscar.cp.constraints.sequence,MaxDistanceInsert,331,0,24,0,23,0,23,0,11,0
oscar-cp,oscar.cp.constraints.sequence,MaxDistanceHead,169,0,12,0,17,0,12,0,6,0
oscar-cp,oscar.cp.constraints.sequence,First.,22,0,0,0,3,0,4,0,4,0
oscar-cp,oscar.cp.constraints.sequence,LastHeadSeq,92,0,16,0,13,0,12,0,4,0
oscar-cp,oscar.ml.pm.Constraints.fim,FIM,465,0,38,0,86,0,33,0,14,0
oscar-cp,oscar.ml.pm.Constraints.fim,CoverClosure,486,0,34,0,80,0,29,0,12,0
oscar-cp,oscar.ml.pm.Constraints.fim,ZDC,427,0,58,0,65,0,41,0,12,0
oscar-cp,oscar.ml.pm.Constraints.fim,CoverSize,337,0,18,0,54,0,18,0,9,0
oscar-cp,oscar.ml.pm.Constraints.fim,ClosedFIM,292,0,18,0,47,0,22,0,13,0
oscar-cp,oscar.cp.core.domains,BoundDomain,103,240,14,28,8,39,19,23,7,14
oscar-cp,oscar.cp.core.domains,SparseSetDomain..anon.new IterableOnce() {...},4,50,1,3,0,6,1,6,0,5
oscar-cp,oscar.cp.core.domains,SparseSetDomain..anon.new IterableOnce() {...},65,0,6,0,5,0,6,0,3,0
oscar-cp,oscar.cp.core.domains,IntDomain,0,3,0,0,0,1,0,1,0,1
oscar-cp,oscar.cp.core.domains,SingleBitVectorDomain..anon.new IterableOnce() {...},4,77,1,7,0,11,1,7,0,4
oscar-cp,oscar.cp.core.domains,AdaptableIntDomain,197,0,6,0,29,0,25,0,22,0
oscar-cp,oscar.cp.core.domains,SparseSetDomain,125,491,15,59,11,110,21,42,8,18
oscar-cp,oscar.cp.core.domains,IntervalDomain,0,13,0,0,0,1,0,1,0,1
oscar-cp,oscar.cp.core.domains,SetDomain,4,109,0,8,1,22,1,21,1,17
oscar-cp,oscar.cp.core.domains,BoundDomain..anon.new IterableOnce() {...},4,51,1,3,0,6,1,7,0,6
oscar-cp,oscar.cp.core.domains,SingleBitVectorDomain,79,610,18,74,10,129,21,48,5,18
oscar-cp,oscar.cp.scheduling.constraints,TimeTableOverloadChecker,80,686,0,38,1,92,2,23,2,4
oscar-cp,oscar.cp.scheduling.constraints,TimeTableOverloadChecker.,5,16,0,0,1,2,1,2,1,2
oscar-cp,oscar.cp.scheduling.constraints,EnergeticChecker.,111,0,12,0,10,0,9,0,3,0
oscar-cp,oscar.cp.scheduling.constraints,UnaryDPSweep,50,89,0,0,1,5,2,4,2,4
oscar-cp,oscar.cp.scheduling.constraints,EnergeticChecker,216,0,2,0,15,0,10,0,9,0
oscar-cp,oscar.cp.scheduling.constraints,Unary.,5,14,0,0,1,2,1,2,1,2
oscar-cp,oscar.cp.scheduling.constraints,TTPerTask,92,596,8,64,7,91,10,38,2,10
oscar-cp,oscar.cp.scheduling.constraints,UnaryResource,49,188,1,7,1,16,3,6,2,3
oscar-cp,oscar.cp.scheduling.constraints,BinaryDisjunctiveWithTransitionTimes,132,0,4,0,14,0,6,0,4,0
oscar-cp,oscar.cp.scheduling.constraints,OverloadCheckerExtended.,21,0,0,0,3,0,3,0,3,0
oscar-cp,oscar.cp.scheduling.constraints,SweepMaxCumulative.Event,91,0,2,0,10,0,17,0,16,0
oscar-cp,oscar.cp.scheduling.constraints,MaxCumulative,88,304,1,7,1,20,4,5,3,2
oscar-cp,oscar.cp.scheduling.constraints,UnaryTemplate,145,539,21,33,17,95,20,32,7,18
oscar-cp,oscar.cp.scheduling.constraints,SweepMinCumulative.,111,0,12,0,10,0,9,0,3,0
oscar-cp,oscar.cp.scheduling.constraints,ProfileStructure,127,1222,26,128,27,217,23,77,6,17
oscar-cp,oscar.cp.scheduling.constraints,Unary,49,87,0,0,1,5,2,4,2,4
oscar-cp,oscar.cp.scheduling.constraints,IQuad.,21,0,0,0,3,0,3,0,3,0
oscar-cp,oscar.cp.scheduling.constraints,CumulativeLambdaThetaTree,14,453,2,18,1,68,2,22,1,13
oscar-cp,oscar.cp.scheduling.constraints,EnergeticCheckerLeftToRight,826,0,30,0,79,0,41,0,26,0
oscar-cp,oscar.cp.scheduling.constraints,CumulativeTemplate.OpenSparseSetMod,4,35,1,1,0,6,1,2,0,2
oscar-cp,oscar.cp.scheduling.constraints,UnaryDPSweepLR,50,911,2,54,2,148,3,37,1,11
oscar-cp,oscar.cp.scheduling.constraints,UnaryTemplate.,12,0,0,0,1,0,3,0,3,0
oscar-cp,oscar.cp.scheduling.constraints,NFNLCubic.,21,0,0,0,3,0,3,0,3,0
oscar-cp,oscar.cp.scheduling.constraints,MaxCumulativeCapaCheck,70,68,0,2,1,8,1,4,1,3
oscar-cp,oscar.cp.scheduling.constraints,DisjunctiveWithTransitionTimes,104,0,6,0,8,0,6,0,3,0
oscar-cp,oscar.cp.scheduling.constraints,TimeTableEdgeFinding.,5,16,0,0,1,2,1,2,1,2
oscar-cp,oscar.cp.scheduling.constraints,SweepMinCumulative.EventList,258,0,2,0,30,0,16,0,15,0
oscar-cp,oscar.cp.scheduling.constraints,UnaryDPSweep.,5,15,0,0,1,2,1,2,1,2
oscar-cp,oscar.cp.scheduling.constraints,CumulativeDecomp,70,171,0,0,1,21,1,8,1,8
oscar-cp,oscar.cp.scheduling.constraints,OverloadChecker.,21,0,0,0,3,0,3,0,3,0
oscar-cp,oscar.cp.scheduling.constraints,CumulativeTemplate.,12,0,0,0,2,0,3,0,3,0
oscar-cp,oscar.cp.scheduling.constraints,OverloadChecker,490,0,20,0,62,0,16,0,6,0
oscar-cp,oscar.cp.scheduling.constraints,TimeTableDisjunctiveReasoning,82,613,2,62,1,94,4,36,2,6
oscar-cp,oscar.cp.scheduling.constraints,UnaryResource.,5,7,0,0,0,1,1,2,1,2
oscar-cp,oscar.cp.scheduling.constraints,UnaryTemplate.OpenSparseSetMod,4,30,1,1,0,5,1,2,0,2
oscar-cp,oscar.cp.scheduling.constraints,IQuad,269,0,8,0,18,0,15,0,11,0
oscar-cp,oscar.cp.scheduling.constraints,EnergeticReasoning.,7,16,0,0,2,2,2,2,2,2
oscar-cp,oscar.cp.scheduling.constraints,TimeTableDisjunctiveReasoning.,5,16,0,0,1,2,1,2,1,2
oscar-cp,oscar.cp.scheduling.constraints,CumulativeTemplate,107,1119,14,88,5,205,19,67,6,29
oscar-cp,oscar.cp.scheduling.constraints,SweepMaxCumulative,1115,0,102,0,128,0,75,0,24,0
oscar-cp,oscar.cp.scheduling.constraints,OverloadCheckerExtended,816,0,42,0,109,0,30,0,9,0
oscar-cp,oscar.cp.scheduling.constraints,SweepMaxCumulative.,111,0,12,0,10,0,9,0,3,0
oscar-cp,oscar.cp.scheduling.constraints,IQuadL2R,1303,0,112,0,149,0,93,0,37,0
oscar-cp,oscar.cp.scheduling.constraints,EnergeticReasoning,97,551,7,15,2,50,10,34,3,30
oscar-cp,oscar.cp.scheduling.constraints,TTPerTask.,5,16,0,0,1,2,1,2,1,2
oscar-cp,oscar.cp.scheduling.constraints,SweepMaxCumulative.EventList,258,0,2,0,30,0,16,0,15,0
oscar-cp,oscar.cp.scheduling.constraints,TimeTableEdgeFindingLR,106,839,9,59,6,109,9,29,1,3
oscar-cp,oscar.cp.scheduling.constraints,TimeTableEdgeFinding,80,91,0,0,1,6,2,2,2,2
oscar-cp,oscar.cp.scheduling.constraints,NFNLCubicLR,867,0,54,0,100,0,63,0,36,0
oscar-cp,oscar.cp.scheduling.constraints,SweepMinCumulative,1128,0,108,0,129,0,76,0,22,0
oscar-cp,oscar.cp.scheduling.constraints,SweepMinCumulative.EventType.,33,0,4,0,9,0,8,0,5,0
oscar-cp,oscar.cp.scheduling.constraints,SweepMaxCumulative.EventType.,33,0,4,0,9,0,8,0,5,0
oscar-cp,oscar.cp.scheduling.constraints,MaxCumulative.,7,16,0,0,2,2,2,2,2,2
oscar-cp,oscar.cp.scheduling.constraints,SweepMinCumulative.Event,91,0,2,0,10,0,17,0,16,0
oscar-cp,oscar.cp.scheduling.constraints,DisjunctiveWithTransitionTimesAndFamilies,109,0,6,0,8,0,6,0,3,0
oscar-cp,oscar.cp.scheduling.constraints,NFNLCubic,186,0,0,0,11,0,9,0,9,0
oscar-cp,oscar.cp.scheduling.constraints,UnaryLR,58,827,2,80,2,124,4,42,2,3
oscar-cp,oscar.util,IncrementalStatistics,13,102,1,1,4,13,2,5,1,5
oscar-cp,oscar.util,OutFile,99,0,4,0,15,0,15,0,13,0
oscar-cp,oscar.util,QuasiRandomSequence.,15,0,0,0,2,0,3,0,3,0
oscar-cp,oscar.util,InFile,62,0,0,0,6,0,7,0,7,0
oscar-cp,oscar.util,QuasiRandomSequence,2154,0,2,0,47,0,15,0,14,0
oscar-cp,oscar.util,MagicArray,167,0,12,0,16,0,20,0,14,0
oscar-cp,oscar.util,package.,205,63,11,3,36,12,19,5,13,4
oscar-cp,oscar.util,Interval.,16,0,0,0,2,0,3,0,3,0
oscar-cp,oscar.util,package.RandomOps,55,0,0,0,3,0,10,0,10,0
oscar-cp,oscar.util,MagicArray.,77,0,4,0,20,0,7,0,5,0
oscar-cp,oscar.util,RandomGenerator.,5,9,0,0,0,1,1,2,1,2
oscar-cp,oscar.util,package.RandomOps.,104,0,10,0,15,0,12,0,7,0
oscar-cp,oscar.util,package,60,0,0,0,0,0,12,0,12,0
oscar-cp,oscar.util,package.Crossable,20,0,0,0,3,0,3,0,3,0
oscar-cp,oscar.util,Interval,71,0,8,0,10,0,11,0,7,0
oscar-cp,oscar.util,RandomGenerator,76,0,0,0,0,0,20,0,20,0
oscar-cp,oscar.util,InFile.,15,0,0,0,2,0,3,0,3,0
oscar-cp,oscar.util,OutFile.,21,0,0,0,2,0,5,0,5,0
oscar-cp,oscar.cp.core,Constraint,77,273,6,18,22,61,26,34,21,27
oscar-cp,oscar.cp.core,SolverStatistics,30,0,0,0,5,0,5,0,5,0
oscar-cp,oscar.cp.core,CPPropagStrength.Weak.,32,10,0,0,0,1,7,3,7,3
oscar-cp,oscar.cp.core,CPStore.,13,21,0,0,1,6,5,3,5,3
oscar-cp,oscar.cp.core,CPSolver.,25,9,0,0,5,1,5,2,5,2
oscar-cp,oscar.cp.core,CPStore,245,698,17,55,39,160,37,65,22,44
oscar-cp,oscar.cp.core,CPPropagStrength.Automatic.,32,10,0,0,0,1,7,3,7,3
oscar-cp,oscar.cp.core,CPPropagStrength.Strong.,32,10,0,0,0,1,7,3,7,3
oscar-cp,oscar.cp.core,SubConstraint,6,5,0,0,1,1,2,1,2,1
oscar-cp,oscar.cp.core,NoSolutionException,0,4,0,0,0,1,0,1,0,1
oscar-cp,oscar.cp.core,Constraint.,5,7,0,0,0,1,1,2,1,2
oscar-cp,oscar.cp.core,CPPropagStrength.Medium.,32,10,0,0,0,1,7,3,7,3
oscar-cp,oscar.cp.core,SubConstraint.,12,0,0,0,1,0,3,0,3,0
oscar-cp,oscar.cp.core,CPSol,15,16,1,1,1,3,3,1,2,1
oscar-cp,oscar.cp.core,CPOptimizer,199,82,0,0,22,12,19,8,19,8
oscar-cp,oscar.cp.core,CPSolver,206,237,28,16,25,41,38,27,21,22
oscar-cp,oscar.cp.core,CPPropagStrength,7,0,0,0,0,0,2,0,2,0
oscar-cp,oscar.cp.core,CPPropagStrength.,32,27,8,0,1,1,6,2,2,2
